Using pre-set license
Built from '2020.3/release' branch; Version is '2020.3.27f1 (e759542391ea) revision 15161684'; Using compiler version '192528614'; Build Type 'Release'
OS: 'Windows 10  (10.0.19045) 64bit Core' Language: 'en' Physical Memory: 15731 MB
BatchMode: 1, IsHumanControllingUs: 0, StartBugReporterOnCrash: 0, Is64bit: 1, IsPro: 0

COMMAND LINE ARGUMENTS:
C:\Program Files\Unity\Hub\Editor\2020.3.27f1\Editor\Unity.exe
-adb2
-batchMode
-noUpm
-name
AssetImportWorker0
-projectPath
C:/Users/Kuins/Documents/GitHub/Web-Engineering-Feigenbaum
-logFile
Logs/AssetImportWorker0.log
-srvPort
54227
Successfully changed project path to: C:/Users/Kuins/Documents/GitHub/Web-Engineering-Feigenbaum
C:/Users/Kuins/Documents/GitHub/Web-Engineering-Feigenbaum
Using Asset Import Pipeline V2.
Refreshing native plugins compatible for Editor in 77.20 ms, found 8 plugins.
Preloading 0 native plugins for Editor in 0.00 ms.
Initialize engine version: 2020.3.27f1 (e759542391ea)
[Subsystems] Discovering subsystems at path C:/Program Files/Unity/Hub/Editor/2020.3.27f1/Editor/Data/Resources/UnitySubsystems
[Subsystems] Discovering subsystems at path C:/Users/Kuins/Documents/GitHub/Web-Engineering-Feigenbaum/Assets
GfxDevice: creating device client; threaded=0
Direct3D:
    Version:  Direct3D 11.0 [level 11.1]
    Renderer: NVIDIA GeForce GTX 1660 Ti (ID=0x2191)
    Vendor:   
    VRAM:     5991 MB
    Driver:   30.0.15.1278
Initialize mono
Mono path[0] = 'C:/Program Files/Unity/Hub/Editor/2020.3.27f1/Editor/Data/Managed'
Mono path[1] = 'C:/Program Files/Unity/Hub/Editor/2020.3.27f1/Editor/Data/MonoBleedingEdge/lib/mono/unityjit'
Mono config path = 'C:/Program Files/Unity/Hub/Editor/2020.3.27f1/Editor/Data/MonoBleedingEdge/etc'
Using monoOptions --debugger-agent=transport=dt_socket,embedding=1,server=y,suspend=n,address=127.0.0.1:56324
Begin MonoManager ReloadAssembly
Registering precompiled unity dll's ...
Register platform support module: C:/Program Files/Unity/Hub/Editor/2020.3.27f1/Editor/Data/PlaybackEngines/WebGLSupport/UnityEditor.WebGL.Extensions.dll
Register platform support module: C:/Program Files/Unity/Hub/Editor/2020.3.27f1/Editor/Data/PlaybackEngines/WindowsStandaloneSupport/UnityEditor.WindowsStandalone.Extensions.dll
Registered in 0.002149 seconds.
Native extension for WindowsStandalone target not found
Native extension for WebGL target not found
Refreshing native plugins compatible for Editor in 63.95 ms, found 8 plugins.
Preloading 0 native plugins for Editor in 0.00 ms.
Mono: successfully reloaded assembly
- Completed reload, in  0.545 seconds
Domain Reload Profiling:
	ReloadAssembly (545ms)
		BeginReloadAssembly (60ms)
			ExecutionOrderSort (0ms)
			DisableScriptedObjects (0ms)
			BackupInstance (0ms)
			ReleaseScriptingObjects (0ms)
			CreateAndSetChildDomain (1ms)
		EndReloadAssembly (420ms)
			LoadAssemblies (58ms)
			RebuildTransferFunctionScriptingTraits (0ms)
			SetupTypeCache (125ms)
			ReleaseScriptCaches (0ms)
			RebuildScriptCaches (27ms)
			SetupLoadedEditorAssemblies (177ms)
				LogAssemblyErrors (0ms)
				InitializePlatformSupportModulesInManaged (5ms)
				SetLoadedEditorAssemblies (0ms)
				RefreshPlugins (64ms)
				BeforeProcessingInitializeOnLoad (11ms)
				ProcessInitializeOnLoadAttributes (73ms)
				ProcessInitializeOnLoadMethodAttributes (24ms)
				AfterProcessingInitializeOnLoad (0ms)
				EditorAssembliesLoaded (0ms)
			ExecutionOrderSort2 (0ms)
			AwakeInstancesAfterBackupRestoration (0ms)
Platform modules already initialized, skipping
Registering precompiled user dll's ...
Registered in 0.013149 seconds.
Begin MonoManager ReloadAssembly
Native extension for WindowsStandalone target not found
Native extension for WebGL target not found
Refreshing native plugins compatible for Editor in 65.34 ms, found 8 plugins.
Preloading 0 native plugins for Editor in 0.00 ms.
Mono: successfully reloaded assembly
- Completed reload, in  2.043 seconds
Domain Reload Profiling:
	ReloadAssembly (2044ms)
		BeginReloadAssembly (147ms)
			ExecutionOrderSort (0ms)
			DisableScriptedObjects (4ms)
			BackupInstance (0ms)
			ReleaseScriptingObjects (0ms)
			CreateAndSetChildDomain (17ms)
		EndReloadAssembly (1839ms)
			LoadAssemblies (111ms)
			RebuildTransferFunctionScriptingTraits (0ms)
			SetupTypeCache (376ms)
			ReleaseScriptCaches (1ms)
			RebuildScriptCaches (61ms)
			SetupLoadedEditorAssemblies (1180ms)
				LogAssemblyErrors (0ms)
				InitializePlatformSupportModulesInManaged (4ms)
				SetLoadedEditorAssemblies (0ms)
				RefreshPlugins (65ms)
				BeforeProcessingInitializeOnLoad (91ms)
				ProcessInitializeOnLoadAttributes (1003ms)
				ProcessInitializeOnLoadMethodAttributes (11ms)
				AfterProcessingInitializeOnLoad (6ms)
				EditorAssembliesLoaded (0ms)
			ExecutionOrderSort2 (0ms)
			AwakeInstancesAfterBackupRestoration (5ms)
Platform modules already initialized, skipping
========================================================================
Worker process is ready to serve import requests
Launched and connected shader compiler UnityShaderCompiler.exe after 0.04 seconds
Refreshing native plugins compatible for Editor in 0.96 ms, found 8 plugins.
Preloading 0 native plugins for Editor in 0.00 ms.
Unloading 3812 Unused Serialized files (Serialized files now loaded: 0)
System memory in use before: 165.4 MB.
System memory in use after: 165.7 MB.

Unloading 64 unused Assets to reduce memory usage. Loaded Objects now: 4254.
Total: 5.391200 ms (FindLiveObjects: 0.317000 ms CreateObjectMapping: 0.094600 ms MarkObjects: 4.881600 ms  DeleteObjects: 0.097000 ms)

AssetImportParameters requested are different than current active one (requested -> active):
  custom:framework-win-MediaFoundation: 216162199b28c13a410421893ffa2e32 -> 
  custom:video-decoder-ogg-theora: a1e56fd34408186e4bbccfd4996cb3dc -> 
  custom:container-muxer-webm: aa71ff27fc2769a1b78a27578f13a17b -> 
  custom:container-demuxer-webm: 4f35f7cbe854078d1ac9338744f61a02 -> 
  custom:container-demuxer-ogg: 62fdf1f143b41e24485cea50d1cbac27 -> 
  custom:video-encoder-webm-vp8: eb34c28f22e8b96e1ab97ce403110664 -> 
  custom:video-codec-MediaFoundation-h265: 746d11721c4dcdbdad8f713fa42b33f4 -> 
  custom:video-decoder-webm-vp8: 9c59270c3fd7afecdb556c50c9e8de78 -> 
  custom:audio-decoder-ogg-vorbis: bf7c407c2cedff20999df2af8eb42d56 -> 
  custom:audio-encoder-webm-vorbis: bf7c407c2cedff20999df2af8eb42d56 -> 
========================================================================
Received Import Request.
  path: Assets/Terrain/LevelTerrain.asset
  artifactKey: Guid(0cb77bf317f97a84d95f33b54c92f15c) Importer(815301076,1909f56bfc062723c751e8b465ee728b)
Start importing Assets/Terrain/LevelTerrain.asset using Guid(0cb77bf317f97a84d95f33b54c92f15c) Importer(815301076,1909f56bfc062723c751e8b465ee728b)  -> (artifact id: '645abf7553472d7ec618a3b6a0f0e357') in 0.041896 seconds 
  Import took 0.048311 seconds .

========================================================================
Received Prepare
Registering precompiled user dll's ...
Registered in 0.012901 seconds.
Begin MonoManager ReloadAssembly
Native extension for WindowsStandalone target not found
Native extension for WebGL target not found
Refreshing native plugins compatible for Editor in 1.00 ms, found 8 plugins.
Preloading 0 native plugins for Editor in 0.00 ms.
Mono: successfully reloaded assembly
- Completed reload, in  1.261 seconds
Domain Reload Profiling:
	ReloadAssembly (1261ms)
		BeginReloadAssembly (124ms)
			ExecutionOrderSort (0ms)
			DisableScriptedObjects (3ms)
			BackupInstance (0ms)
			ReleaseScriptingObjects (0ms)
			CreateAndSetChildDomain (42ms)
		EndReloadAssembly (1081ms)
			LoadAssemblies (103ms)
			RebuildTransferFunctionScriptingTraits (0ms)
			SetupTypeCache (307ms)
			ReleaseScriptCaches (1ms)
			RebuildScriptCaches (40ms)
			SetupLoadedEditorAssemblies (489ms)
				LogAssemblyErrors (0ms)
				InitializePlatformSupportModulesInManaged (4ms)
				SetLoadedEditorAssemblies (0ms)
				RefreshPlugins (1ms)
				BeforeProcessingInitializeOnLoad (91ms)
				ProcessInitializeOnLoadAttributes (374ms)
				ProcessInitializeOnLoadMethodAttributes (11ms)
				AfterProcessingInitializeOnLoad (6ms)
				EditorAssembliesLoaded (0ms)
			ExecutionOrderSort2 (0ms)
			AwakeInstancesAfterBackupRestoration (27ms)
Platform modules already initialized, skipping
Refreshing native plugins compatible for Editor in 1.02 ms, found 8 plugins.
Preloading 0 native plugins for Editor in 0.00 ms.
Unloading 3661 Unused Serialized files (Serialized files now loaded: 0)
System memory in use before: 157.6 MB.
System memory in use after: 157.9 MB.

Unloading 57 unused Assets to reduce memory usage. Loaded Objects now: 4264.
Total: 5.019300 ms (FindLiveObjects: 0.302300 ms CreateObjectMapping: 0.093200 ms MarkObjects: 4.582200 ms  DeleteObjects: 0.040100 ms)

AssetImportParameters requested are different than current active one (requested -> active):
  custom:framework-win-MediaFoundation: 216162199b28c13a410421893ffa2e32 -> 
  custom:video-decoder-ogg-theora: a1e56fd34408186e4bbccfd4996cb3dc -> 
  custom:container-muxer-webm: aa71ff27fc2769a1b78a27578f13a17b -> 
  custom:container-demuxer-webm: 4f35f7cbe854078d1ac9338744f61a02 -> 
  custom:container-demuxer-ogg: 62fdf1f143b41e24485cea50d1cbac27 -> 
  custom:video-encoder-webm-vp8: eb34c28f22e8b96e1ab97ce403110664 -> 
  custom:video-codec-MediaFoundation-h265: 746d11721c4dcdbdad8f713fa42b33f4 -> 
  custom:video-decoder-webm-vp8: 9c59270c3fd7afecdb556c50c9e8de78 -> 
  custom:audio-decoder-ogg-vorbis: bf7c407c2cedff20999df2af8eb42d56 -> 
  custom:audio-encoder-webm-vorbis: bf7c407c2cedff20999df2af8eb42d56 -> 
========================================================================
Received Import Request.
  Time since last request: 2044.483080 seconds.
  path: Assets/Scenes/02_Game.unity
  artifactKey: Guid(26ccba471ba27c5478c15c9f4ddf2846) Importer(815301076,1909f56bfc062723c751e8b465ee728b)
Start importing Assets/Scenes/02_Game.unity using Guid(26ccba471ba27c5478c15c9f4ddf2846) Importer(815301076,1909f56bfc062723c751e8b465ee728b)  -> (artifact id: 'df7f71674eafb9855b525fd74472e698') in 0.022652 seconds 
  Import took 0.028767 seconds .

========================================================================
Received Import Request.
  Time since last request: 15.708782 seconds.
  path: Assets/Prefabs/Addressables/LevelPrefab.prefab
  artifactKey: Guid(7995e5fe5d0a65c41835116e07ff1ea9) Importer(815301076,1909f56bfc062723c751e8b465ee728b)
Start importing Assets/Prefabs/Addressables/LevelPrefab.prefab using Guid(7995e5fe5d0a65c41835116e07ff1ea9) Importer(815301076,1909f56bfc062723c751e8b465ee728b)  -> (artifact id: '2e8c338a3f349e3e101525ed731ee424') in 0.170348 seconds 
  Import took 0.175904 seconds .

========================================================================
Received Import Request.
  Time since last request: 11.269989 seconds.
  path: Assets/Scenes/02_Game.unity
  artifactKey: Guid(26ccba471ba27c5478c15c9f4ddf2846) Importer(815301076,1909f56bfc062723c751e8b465ee728b)
Start importing Assets/Scenes/02_Game.unity using Guid(26ccba471ba27c5478c15c9f4ddf2846) Importer(815301076,1909f56bfc062723c751e8b465ee728b)  -> (artifact id: '96dc60bd10e527b1f59a6ae72898547e') in 0.002733 seconds 
  Import took 0.008853 seconds .

========================================================================
Received Import Request.
  Time since last request: 2.360083 seconds.
  path: Assets/Scenes/TestGameScene.unity
  artifactKey: Guid(e73c027d126e6de4995e170349e568e3) Importer(815301076,1909f56bfc062723c751e8b465ee728b)
Start importing Assets/Scenes/TestGameScene.unity using Guid(e73c027d126e6de4995e170349e568e3) Importer(815301076,1909f56bfc062723c751e8b465ee728b)  -> (artifact id: '83b3c9758e363760c370d0f21629eb37') in 0.006989 seconds 
  Import took 0.012554 seconds .

========================================================================
Received Import Request.
  Time since last request: 15.252884 seconds.
  path: Assets/Prefabs/Addressables
  artifactKey: Guid(a2591a9627a3ffe4cbe115e4732f0d8b) Importer(815301076,1909f56bfc062723c751e8b465ee728b)
Start importing Assets/Prefabs/Addressables using Guid(a2591a9627a3ffe4cbe115e4732f0d8b) Importer(815301076,1909f56bfc062723c751e8b465ee728b)  -> (artifact id: 'a6b021cc17f836c0d527c00251f63cc6') in 0.008913 seconds 
  Import took 0.014493 seconds .

========================================================================
Received Import Request.
  Time since last request: 284.578561 seconds.
  path: Assets/Prefabs/Addressables/LevelPrefab.prefab
  artifactKey: Guid(7995e5fe5d0a65c41835116e07ff1ea9) Importer(815301076,1909f56bfc062723c751e8b465ee728b)
Start importing Assets/Prefabs/Addressables/LevelPrefab.prefab using Guid(7995e5fe5d0a65c41835116e07ff1ea9) Importer(815301076,1909f56bfc062723c751e8b465ee728b)  -> (artifact id: 'b3dc90295d1c18e8ab7a764a6d9d7345') in 0.027969 seconds 
  Import took 0.033508 seconds .

========================================================================
Received Import Request.
  Time since last request: 112.478256 seconds.
  path: Assets/Prefabs/Addressables/LevelPrefab.prefab
  artifactKey: Guid(7995e5fe5d0a65c41835116e07ff1ea9) Importer(815301076,1909f56bfc062723c751e8b465ee728b)
Start importing Assets/Prefabs/Addressables/LevelPrefab.prefab using Guid(7995e5fe5d0a65c41835116e07ff1ea9) Importer(815301076,1909f56bfc062723c751e8b465ee728b)  -> (artifact id: 'efb07e659e1114680246b93084dbaedc') in 0.173924 seconds 
  Import took 0.181627 seconds .

========================================================================
Received Import Request.
  Time since last request: 17.024718 seconds.
  path: Assets/Prefabs/Addressables/LevelPrefab.prefab
  artifactKey: Guid(7995e5fe5d0a65c41835116e07ff1ea9) Importer(815301076,1909f56bfc062723c751e8b465ee728b)
Start importing Assets/Prefabs/Addressables/LevelPrefab.prefab using Guid(7995e5fe5d0a65c41835116e07ff1ea9) Importer(815301076,1909f56bfc062723c751e8b465ee728b)  -> (artifact id: 'e50d1483a8413ceb6ab893101567dadf') in 0.098437 seconds 
  Import took 0.105708 seconds .

========================================================================
Received Import Request.
  Time since last request: 2.082044 seconds.
  path: Assets/Prefabs/Addressables/LevelPrefab.prefab
  artifactKey: Guid(7995e5fe5d0a65c41835116e07ff1ea9) Importer(815301076,1909f56bfc062723c751e8b465ee728b)
Start importing Assets/Prefabs/Addressables/LevelPrefab.prefab using Guid(7995e5fe5d0a65c41835116e07ff1ea9) Importer(815301076,1909f56bfc062723c751e8b465ee728b)  -> (artifact id: '19cfc7a855f1866eb7ebf508bdef53b0') in 0.092484 seconds 
  Import took 0.099975 seconds .

========================================================================
Received Import Request.
  Time since last request: 3.356082 seconds.
  path: Assets/Prefabs/Addressables/LevelPrefab.prefab
  artifactKey: Guid(7995e5fe5d0a65c41835116e07ff1ea9) Importer(815301076,1909f56bfc062723c751e8b465ee728b)
Start importing Assets/Prefabs/Addressables/LevelPrefab.prefab using Guid(7995e5fe5d0a65c41835116e07ff1ea9) Importer(815301076,1909f56bfc062723c751e8b465ee728b)  -> (artifact id: 'dfc1549e907e13449189dbf9da57c447') in 0.104175 seconds 
  Import took 0.111721 seconds .

========================================================================
Received Import Request.
  Time since last request: 4.458579 seconds.
  path: Assets/Prefabs/Addressables/LevelPrefab.prefab
  artifactKey: Guid(7995e5fe5d0a65c41835116e07ff1ea9) Importer(815301076,1909f56bfc062723c751e8b465ee728b)
Start importing Assets/Prefabs/Addressables/LevelPrefab.prefab using Guid(7995e5fe5d0a65c41835116e07ff1ea9) Importer(815301076,1909f56bfc062723c751e8b465ee728b)  -> (artifact id: 'e5feb1d7e680bb33ddc06072729e75ba') in 0.097542 seconds 
  Import took 0.105044 seconds .

========================================================================
Received Import Request.
  Time since last request: 1.087044 seconds.
  path: Assets/Prefabs/Addressables/LevelPrefab.prefab
  artifactKey: Guid(7995e5fe5d0a65c41835116e07ff1ea9) Importer(815301076,1909f56bfc062723c751e8b465ee728b)
Start importing Assets/Prefabs/Addressables/LevelPrefab.prefab using Guid(7995e5fe5d0a65c41835116e07ff1ea9) Importer(815301076,1909f56bfc062723c751e8b465ee728b)  -> (artifact id: '5b41a3fd178620df1c2aea557da6d93d') in 0.095494 seconds 
  Import took 0.102676 seconds .

========================================================================
Received Import Request.
  Time since last request: 4.401837 seconds.
  path: Assets/Prefabs/Addressables/LevelPrefab.prefab
  artifactKey: Guid(7995e5fe5d0a65c41835116e07ff1ea9) Importer(815301076,1909f56bfc062723c751e8b465ee728b)
Start importing Assets/Prefabs/Addressables/LevelPrefab.prefab using Guid(7995e5fe5d0a65c41835116e07ff1ea9) Importer(815301076,1909f56bfc062723c751e8b465ee728b)  -> (artifact id: 'bcda3b2331833d1d06a495d89f06fa1d') in 0.098361 seconds 
  Import took 0.106224 seconds .

========================================================================
Received Import Request.
  Time since last request: 3.603193 seconds.
  path: Assets/Prefabs/Addressables/LevelPrefab.prefab
  artifactKey: Guid(7995e5fe5d0a65c41835116e07ff1ea9) Importer(815301076,1909f56bfc062723c751e8b465ee728b)
Start importing Assets/Prefabs/Addressables/LevelPrefab.prefab using Guid(7995e5fe5d0a65c41835116e07ff1ea9) Importer(815301076,1909f56bfc062723c751e8b465ee728b)  -> (artifact id: '3d9b62c27bb848be9ea6f8a6ee94ead9') in 0.029825 seconds 
  Import took 0.035809 seconds .

========================================================================
Received Import Request.
  Time since last request: 5.400651 seconds.
  path: Assets/Prefabs/Addressables/LevelPrefab.prefab
  artifactKey: Guid(7995e5fe5d0a65c41835116e07ff1ea9) Importer(815301076,1909f56bfc062723c751e8b465ee728b)
Start importing Assets/Prefabs/Addressables/LevelPrefab.prefab using Guid(7995e5fe5d0a65c41835116e07ff1ea9) Importer(815301076,1909f56bfc062723c751e8b465ee728b)  -> (artifact id: 'b6efc9d387bc5b9a964f711ab877737f') in 0.029073 seconds 
  Import took 0.035446 seconds .

========================================================================
Received Import Request.
  Time since last request: 20.934249 seconds.
  path: Assets/Prefabs/Addressables/LevelPrefab.prefab
  artifactKey: Guid(7995e5fe5d0a65c41835116e07ff1ea9) Importer(815301076,1909f56bfc062723c751e8b465ee728b)
Start importing Assets/Prefabs/Addressables/LevelPrefab.prefab using Guid(7995e5fe5d0a65c41835116e07ff1ea9) Importer(815301076,1909f56bfc062723c751e8b465ee728b)  -> (artifact id: 'a3b01d744d90675f6a0249ca7ad87e94') in 0.035669 seconds 
  Import took 0.041580 seconds .

========================================================================
Received Import Request.
  Time since last request: 5.416089 seconds.
  path: Assets/Prefabs/Addressables/LevelPrefab.prefab
  artifactKey: Guid(7995e5fe5d0a65c41835116e07ff1ea9) Importer(815301076,1909f56bfc062723c751e8b465ee728b)
Start importing Assets/Prefabs/Addressables/LevelPrefab.prefab using Guid(7995e5fe5d0a65c41835116e07ff1ea9) Importer(815301076,1909f56bfc062723c751e8b465ee728b)  -> (artifact id: '9b83ef469263c3cb2e5e012ab1d3753d') in 0.040965 seconds 
  Import took 0.047010 seconds .

========================================================================
Received Import Request.
  Time since last request: 10.035297 seconds.
  path: Assets/Prefabs/Addressables/LevelPrefab.prefab
  artifactKey: Guid(7995e5fe5d0a65c41835116e07ff1ea9) Importer(815301076,1909f56bfc062723c751e8b465ee728b)
Start importing Assets/Prefabs/Addressables/LevelPrefab.prefab using Guid(7995e5fe5d0a65c41835116e07ff1ea9) Importer(815301076,1909f56bfc062723c751e8b465ee728b)  -> (artifact id: 'eac586e1e2c1468d94a839ee2e8dff57') in 0.031155 seconds 
  Import took 0.037138 seconds .

========================================================================
Received Import Request.
  Time since last request: 2.587540 seconds.
  path: Assets/Prefabs/Addressables/LevelPrefab.prefab
  artifactKey: Guid(7995e5fe5d0a65c41835116e07ff1ea9) Importer(815301076,1909f56bfc062723c751e8b465ee728b)
Start importing Assets/Prefabs/Addressables/LevelPrefab.prefab using Guid(7995e5fe5d0a65c41835116e07ff1ea9) Importer(815301076,1909f56bfc062723c751e8b465ee728b)  -> (artifact id: '81f09462eba7dc9b848de49260895c99') in 0.034342 seconds 
  Import took 0.040561 seconds .

========================================================================
Received Import Request.
  Time since last request: 10.037673 seconds.
  path: Assets/Prefabs/Addressables/LevelPrefab.prefab
  artifactKey: Guid(7995e5fe5d0a65c41835116e07ff1ea9) Importer(815301076,1909f56bfc062723c751e8b465ee728b)
Start importing Assets/Prefabs/Addressables/LevelPrefab.prefab using Guid(7995e5fe5d0a65c41835116e07ff1ea9) Importer(815301076,1909f56bfc062723c751e8b465ee728b)  -> (artifact id: 'bb2b7c5ac91fcbb841628ebe03a0378f') in 0.027034 seconds 
  Import took 0.033153 seconds .

========================================================================
Received Import Request.
  Time since last request: 7.217076 seconds.
  path: Assets/Prefabs/Addressables/LevelPrefab.prefab
  artifactKey: Guid(7995e5fe5d0a65c41835116e07ff1ea9) Importer(815301076,1909f56bfc062723c751e8b465ee728b)
Start importing Assets/Prefabs/Addressables/LevelPrefab.prefab using Guid(7995e5fe5d0a65c41835116e07ff1ea9) Importer(815301076,1909f56bfc062723c751e8b465ee728b)  -> (artifact id: '0141d57744620e232ba1feff031917e9') in 0.027627 seconds 
  Import took 0.033927 seconds .

========================================================================
Received Import Request.
  Time since last request: 18.165677 seconds.
  path: Assets/Prefabs/Addressables/LevelPrefab.prefab
  artifactKey: Guid(7995e5fe5d0a65c41835116e07ff1ea9) Importer(815301076,1909f56bfc062723c751e8b465ee728b)
Start importing Assets/Prefabs/Addressables/LevelPrefab.prefab using Guid(7995e5fe5d0a65c41835116e07ff1ea9) Importer(815301076,1909f56bfc062723c751e8b465ee728b)  -> (artifact id: '22a13dae2aa905abeb357d35bd845ed6') in 0.035279 seconds 
  Import took 0.041158 seconds .

========================================================================
Received Import Request.
  Time since last request: 3.367846 seconds.
  path: Assets/Prefabs/Addressables/LevelPrefab.prefab
  artifactKey: Guid(7995e5fe5d0a65c41835116e07ff1ea9) Importer(815301076,1909f56bfc062723c751e8b465ee728b)
Start importing Assets/Prefabs/Addressables/LevelPrefab.prefab using Guid(7995e5fe5d0a65c41835116e07ff1ea9) Importer(815301076,1909f56bfc062723c751e8b465ee728b)  -> (artifact id: '9c331297b53a94dd33e6851e11cb50ab') in 0.035052 seconds 
  Import took 0.041290 seconds .

========================================================================
Received Import Request.
  Time since last request: 29.613198 seconds.
  path: Assets/Prefabs/Addressables/LevelPrefab.prefab
  artifactKey: Guid(7995e5fe5d0a65c41835116e07ff1ea9) Importer(815301076,1909f56bfc062723c751e8b465ee728b)
Start importing Assets/Prefabs/Addressables/LevelPrefab.prefab using Guid(7995e5fe5d0a65c41835116e07ff1ea9) Importer(815301076,1909f56bfc062723c751e8b465ee728b)  -> (artifact id: '7f88b96aa5037887a0723a631fe9afba') in 0.030263 seconds 
  Import took 0.036360 seconds .

========================================================================
Received Import Request.
  Time since last request: 6.791860 seconds.
  path: Assets/Prefabs/Addressables/LevelPrefab.prefab
  artifactKey: Guid(7995e5fe5d0a65c41835116e07ff1ea9) Importer(815301076,1909f56bfc062723c751e8b465ee728b)
Start importing Assets/Prefabs/Addressables/LevelPrefab.prefab using Guid(7995e5fe5d0a65c41835116e07ff1ea9) Importer(815301076,1909f56bfc062723c751e8b465ee728b)  -> (artifact id: '887f68d3bc8c7018b507c67c25360226') in 0.028854 seconds 
  Import took 0.034740 seconds .

========================================================================
Received Import Request.
  Time since last request: 1.984780 seconds.
  path: Assets/Prefabs/Addressables/LevelPrefab.prefab
  artifactKey: Guid(7995e5fe5d0a65c41835116e07ff1ea9) Importer(815301076,1909f56bfc062723c751e8b465ee728b)
Start importing Assets/Prefabs/Addressables/LevelPrefab.prefab using Guid(7995e5fe5d0a65c41835116e07ff1ea9) Importer(815301076,1909f56bfc062723c751e8b465ee728b)  -> (artifact id: '53d5dd05de957b3278a2c1e30e9c5dff') in 0.028254 seconds 
  Import took 0.034390 seconds .

========================================================================
Received Import Request.
  Time since last request: 2.789388 seconds.
  path: Assets/Prefabs/Addressables/LevelPrefab.prefab
  artifactKey: Guid(7995e5fe5d0a65c41835116e07ff1ea9) Importer(815301076,1909f56bfc062723c751e8b465ee728b)
Start importing Assets/Prefabs/Addressables/LevelPrefab.prefab using Guid(7995e5fe5d0a65c41835116e07ff1ea9) Importer(815301076,1909f56bfc062723c751e8b465ee728b)  -> (artifact id: 'c2cd4e5227abc147aa2fe2d1eccb0c33') in 0.029314 seconds 
  Import took 0.035184 seconds .

========================================================================
Received Import Request.
  Time since last request: 7.226207 seconds.
  path: Assets/Prefabs/Addressables/LevelPrefab.prefab
  artifactKey: Guid(7995e5fe5d0a65c41835116e07ff1ea9) Importer(815301076,1909f56bfc062723c751e8b465ee728b)
Start importing Assets/Prefabs/Addressables/LevelPrefab.prefab using Guid(7995e5fe5d0a65c41835116e07ff1ea9) Importer(815301076,1909f56bfc062723c751e8b465ee728b)  -> (artifact id: 'f612c83ff2ff486dc2df1332527eb0eb') in 0.030219 seconds 
  Import took 0.036132 seconds .

========================================================================
Received Import Request.
  Time since last request: 3.196968 seconds.
  path: Assets/Prefabs/Addressables/LevelPrefab.prefab
  artifactKey: Guid(7995e5fe5d0a65c41835116e07ff1ea9) Importer(815301076,1909f56bfc062723c751e8b465ee728b)
Start importing Assets/Prefabs/Addressables/LevelPrefab.prefab using Guid(7995e5fe5d0a65c41835116e07ff1ea9) Importer(815301076,1909f56bfc062723c751e8b465ee728b)  -> (artifact id: '2a0c417217e5f54fcca40fdef763614e') in 0.035640 seconds 
  Import took 0.041668 seconds .

========================================================================
Received Import Request.
  Time since last request: 8.352625 seconds.
  path: Assets/Prefabs/Addressables/LevelPrefab.prefab
  artifactKey: Guid(7995e5fe5d0a65c41835116e07ff1ea9) Importer(815301076,1909f56bfc062723c751e8b465ee728b)
Start importing Assets/Prefabs/Addressables/LevelPrefab.prefab using Guid(7995e5fe5d0a65c41835116e07ff1ea9) Importer(815301076,1909f56bfc062723c751e8b465ee728b)  -> (artifact id: '92fff2aa20f1178a133a9f5d05def34d') in 0.033138 seconds 
  Import took 0.039130 seconds .

========================================================================
Received Import Request.
  Time since last request: 4.988360 seconds.
  path: Assets/Prefabs/Addressables/LevelPrefab.prefab
  artifactKey: Guid(7995e5fe5d0a65c41835116e07ff1ea9) Importer(815301076,1909f56bfc062723c751e8b465ee728b)
Start importing Assets/Prefabs/Addressables/LevelPrefab.prefab using Guid(7995e5fe5d0a65c41835116e07ff1ea9) Importer(815301076,1909f56bfc062723c751e8b465ee728b)  -> (artifact id: 'f024ae22239f7016a323b114efd81183') in 0.031096 seconds 
  Import took 0.037608 seconds .

========================================================================
Received Import Request.
  Time since last request: 6.021360 seconds.
  path: Assets/Prefabs/Addressables/LevelPrefab.prefab
  artifactKey: Guid(7995e5fe5d0a65c41835116e07ff1ea9) Importer(815301076,1909f56bfc062723c751e8b465ee728b)
Start importing Assets/Prefabs/Addressables/LevelPrefab.prefab using Guid(7995e5fe5d0a65c41835116e07ff1ea9) Importer(815301076,1909f56bfc062723c751e8b465ee728b)  -> (artifact id: '8abd11b612d4ca585b1aeddef5103e04') in 0.031116 seconds 
  Import took 0.037496 seconds .

========================================================================
Received Import Request.
  Time since last request: 5.189758 seconds.
  path: Assets/Prefabs/Addressables/LevelPrefab.prefab
  artifactKey: Guid(7995e5fe5d0a65c41835116e07ff1ea9) Importer(815301076,1909f56bfc062723c751e8b465ee728b)
Start importing Assets/Prefabs/Addressables/LevelPrefab.prefab using Guid(7995e5fe5d0a65c41835116e07ff1ea9) Importer(815301076,1909f56bfc062723c751e8b465ee728b)  -> (artifact id: 'cca8252917e5645882d46f443196df0a') in 0.030030 seconds 
  Import took 0.035888 seconds .

========================================================================
Received Import Request.
  Time since last request: 2.179328 seconds.
  path: Assets/Prefabs/Addressables/LevelPrefab.prefab
  artifactKey: Guid(7995e5fe5d0a65c41835116e07ff1ea9) Importer(815301076,1909f56bfc062723c751e8b465ee728b)
Start importing Assets/Prefabs/Addressables/LevelPrefab.prefab using Guid(7995e5fe5d0a65c41835116e07ff1ea9) Importer(815301076,1909f56bfc062723c751e8b465ee728b)  -> (artifact id: '6cd217f66b10908f5fca8c37b209fbe4') in 0.031598 seconds 
  Import took 0.037547 seconds .

========================================================================
Received Import Request.
  Time since last request: 5.808873 seconds.
  path: Assets/Prefabs/Addressables/LevelPrefab.prefab
  artifactKey: Guid(7995e5fe5d0a65c41835116e07ff1ea9) Importer(815301076,1909f56bfc062723c751e8b465ee728b)
Start importing Assets/Prefabs/Addressables/LevelPrefab.prefab using Guid(7995e5fe5d0a65c41835116e07ff1ea9) Importer(815301076,1909f56bfc062723c751e8b465ee728b)  -> (artifact id: '000d924f1f1678b9669015da576542d7') in 0.029829 seconds 
  Import took 0.036346 seconds .

========================================================================
Received Import Request.
  Time since last request: 1.776933 seconds.
  path: Assets/Prefabs/Addressables/LevelPrefab.prefab
  artifactKey: Guid(7995e5fe5d0a65c41835116e07ff1ea9) Importer(815301076,1909f56bfc062723c751e8b465ee728b)
Start importing Assets/Prefabs/Addressables/LevelPrefab.prefab using Guid(7995e5fe5d0a65c41835116e07ff1ea9) Importer(815301076,1909f56bfc062723c751e8b465ee728b)  -> (artifact id: '95424feb4172c68450f4027b1ab7c0c5') in 0.032189 seconds 
  Import took 0.038192 seconds .

========================================================================
Received Import Request.
  Time since last request: 4.607076 seconds.
  path: Assets/Prefabs/Addressables/LevelPrefab.prefab
  artifactKey: Guid(7995e5fe5d0a65c41835116e07ff1ea9) Importer(815301076,1909f56bfc062723c751e8b465ee728b)
Start importing Assets/Prefabs/Addressables/LevelPrefab.prefab using Guid(7995e5fe5d0a65c41835116e07ff1ea9) Importer(815301076,1909f56bfc062723c751e8b465ee728b)  -> (artifact id: '7cbe109383ae2a93a11de3f39f3c7bf2') in 0.028143 seconds 
  Import took 0.034197 seconds .

========================================================================
Received Import Request.
  Time since last request: 4.192409 seconds.
  path: Assets/Prefabs/Addressables/LevelPrefab.prefab
  artifactKey: Guid(7995e5fe5d0a65c41835116e07ff1ea9) Importer(815301076,1909f56bfc062723c751e8b465ee728b)
Start importing Assets/Prefabs/Addressables/LevelPrefab.prefab using Guid(7995e5fe5d0a65c41835116e07ff1ea9) Importer(815301076,1909f56bfc062723c751e8b465ee728b)  -> (artifact id: 'd3599bfb0c95327378235f1faea59840') in 0.029357 seconds 
  Import took 0.035532 seconds .

========================================================================
Received Import Request.
  Time since last request: 2.987849 seconds.
  path: Assets/Prefabs/Addressables/LevelPrefab.prefab
  artifactKey: Guid(7995e5fe5d0a65c41835116e07ff1ea9) Importer(815301076,1909f56bfc062723c751e8b465ee728b)
Start importing Assets/Prefabs/Addressables/LevelPrefab.prefab using Guid(7995e5fe5d0a65c41835116e07ff1ea9) Importer(815301076,1909f56bfc062723c751e8b465ee728b)  -> (artifact id: '2360adaf8ffc2b4116292055b12d288b') in 0.027634 seconds 
  Import took 0.033865 seconds .

========================================================================
Received Import Request.
  Time since last request: 13.462007 seconds.
  path: Assets/Prefabs/Addressables/LevelPrefab.prefab
  artifactKey: Guid(7995e5fe5d0a65c41835116e07ff1ea9) Importer(815301076,1909f56bfc062723c751e8b465ee728b)
Start importing Assets/Prefabs/Addressables/LevelPrefab.prefab using Guid(7995e5fe5d0a65c41835116e07ff1ea9) Importer(815301076,1909f56bfc062723c751e8b465ee728b)  -> (artifact id: 'f59a5f342f2305c46ef826a45650459b') in 0.031288 seconds 
  Import took 0.037397 seconds .

========================================================================
Received Import Request.
  Time since last request: 2.171761 seconds.
  path: Assets/Prefabs/Addressables/LevelPrefab.prefab
  artifactKey: Guid(7995e5fe5d0a65c41835116e07ff1ea9) Importer(815301076,1909f56bfc062723c751e8b465ee728b)
Start importing Assets/Prefabs/Addressables/LevelPrefab.prefab using Guid(7995e5fe5d0a65c41835116e07ff1ea9) Importer(815301076,1909f56bfc062723c751e8b465ee728b)  -> (artifact id: '58f3ff17890268236c8dc5b24e68772c') in 0.036386 seconds 
  Import took 0.042305 seconds .

========================================================================
Received Import Request.
  Time since last request: 4.635393 seconds.
  path: Assets/Prefabs/Addressables/LevelPrefab.prefab
  artifactKey: Guid(7995e5fe5d0a65c41835116e07ff1ea9) Importer(815301076,1909f56bfc062723c751e8b465ee728b)
Start importing Assets/Prefabs/Addressables/LevelPrefab.prefab using Guid(7995e5fe5d0a65c41835116e07ff1ea9) Importer(815301076,1909f56bfc062723c751e8b465ee728b)  -> (artifact id: '8b96d857490938fcab8c08a61f0c4784') in 0.032034 seconds 
  Import took 0.038150 seconds .

========================================================================
Received Import Request.
  Time since last request: 30.205375 seconds.
  path: Assets/Scripts/Util
  artifactKey: Guid(fd466afa52dd26f488aece28699c52a0) Importer(815301076,1909f56bfc062723c751e8b465ee728b)
Start importing Assets/Scripts/Util using Guid(fd466afa52dd26f488aece28699c52a0) Importer(815301076,1909f56bfc062723c751e8b465ee728b)  -> (artifact id: '9a3c8c5d52ff974ee3c4a0dfad722153') in 0.007677 seconds 
  Import took 0.014444 seconds .

========================================================================
Received Import Request.
  Time since last request: 10.896822 seconds.
  path: Assets/Scripts/Util/SpawnPointParent.cs
  artifactKey: Guid(b86b567babeacd649b20f3641bc0eaed) Importer(815301076,1909f56bfc062723c751e8b465ee728b)
Start importing Assets/Scripts/Util/SpawnPointParent.cs using Guid(b86b567babeacd649b20f3641bc0eaed) Importer(815301076,1909f56bfc062723c751e8b465ee728b)  -> (artifact id: '5120dd9bdd00b41a9497673cd0b1bc8e') in 0.008778 seconds 
  Import took 0.015021 seconds .

========================================================================
Received Prepare
Registering precompiled user dll's ...
Registered in 0.012136 seconds.
Begin MonoManager ReloadAssembly
Native extension for WindowsStandalone target not found
Native extension for WebGL target not found
Refreshing native plugins compatible for Editor in 1.03 ms, found 8 plugins.
Preloading 0 native plugins for Editor in 0.00 ms.
Mono: successfully reloaded assembly
- Completed reload, in  1.284 seconds
Domain Reload Profiling:
	ReloadAssembly (1284ms)
		BeginReloadAssembly (142ms)
			ExecutionOrderSort (0ms)
			DisableScriptedObjects (6ms)
			BackupInstance (0ms)
			ReleaseScriptingObjects (0ms)
			CreateAndSetChildDomain (53ms)
		EndReloadAssembly (1090ms)
			LoadAssemblies (95ms)
			RebuildTransferFunctionScriptingTraits (0ms)
			SetupTypeCache (306ms)
			ReleaseScriptCaches (1ms)
			RebuildScriptCaches (37ms)
			SetupLoadedEditorAssemblies (486ms)
				LogAssemblyErrors (0ms)
				InitializePlatformSupportModulesInManaged (4ms)
				SetLoadedEditorAssemblies (0ms)
				RefreshPlugins (1ms)
				BeforeProcessingInitializeOnLoad (91ms)
				ProcessInitializeOnLoadAttributes (372ms)
				ProcessInitializeOnLoadMethodAttributes (11ms)
				AfterProcessingInitializeOnLoad (6ms)
				EditorAssembliesLoaded (0ms)
			ExecutionOrderSort2 (0ms)
			AwakeInstancesAfterBackupRestoration (30ms)
Platform modules already initialized, skipping
Refreshing native plugins compatible for Editor in 1.00 ms, found 8 plugins.
Preloading 0 native plugins for Editor in 0.00 ms.
Unloading 3656 Unused Serialized files (Serialized files now loaded: 0)
System memory in use before: 177.0 MB.
System memory in use after: 177.3 MB.

Unloading 57 unused Assets to reduce memory usage. Loaded Objects now: 4317.
Total: 4.768000 ms (FindLiveObjects: 0.405100 ms CreateObjectMapping: 0.240600 ms MarkObjects: 4.087500 ms  DeleteObjects: 0.032900 ms)

AssetImportParameters requested are different than current active one (requested -> active):
  custom:framework-win-MediaFoundation: 216162199b28c13a410421893ffa2e32 -> 
  custom:video-decoder-ogg-theora: a1e56fd34408186e4bbccfd4996cb3dc -> 
  custom:container-muxer-webm: aa71ff27fc2769a1b78a27578f13a17b -> 
  custom:container-demuxer-webm: 4f35f7cbe854078d1ac9338744f61a02 -> 
  custom:container-demuxer-ogg: 62fdf1f143b41e24485cea50d1cbac27 -> 
  custom:video-encoder-webm-vp8: eb34c28f22e8b96e1ab97ce403110664 -> 
  custom:video-codec-MediaFoundation-h265: 746d11721c4dcdbdad8f713fa42b33f4 -> 
  custom:video-decoder-webm-vp8: 9c59270c3fd7afecdb556c50c9e8de78 -> 
  custom:audio-decoder-ogg-vorbis: bf7c407c2cedff20999df2af8eb42d56 -> 
  custom:audio-encoder-webm-vorbis: bf7c407c2cedff20999df2af8eb42d56 -> 
========================================================================
Received Import Request.
  Time since last request: 73.456932 seconds.
  path: Assets/Scripts/Util/SpawnPointParent.cs
  artifactKey: Guid(b86b567babeacd649b20f3641bc0eaed) Importer(815301076,1909f56bfc062723c751e8b465ee728b)
Start importing Assets/Scripts/Util/SpawnPointParent.cs using Guid(b86b567babeacd649b20f3641bc0eaed) Importer(815301076,1909f56bfc062723c751e8b465ee728b)  -> (artifact id: 'cc8bd88303105b51f59cbc747ee01c1b') in 0.012373 seconds 
  Import took 0.018823 seconds .

========================================================================
Received Prepare
Registering precompiled user dll's ...
Registered in 0.014280 seconds.
Begin MonoManager ReloadAssembly
Native extension for WindowsStandalone target not found
Native extension for WebGL target not found
Refreshing native plugins compatible for Editor in 1.03 ms, found 8 plugins.
Preloading 0 native plugins for Editor in 0.00 ms.
Mono: successfully reloaded assembly
- Completed reload, in  1.315 seconds
Domain Reload Profiling:
	ReloadAssembly (1315ms)
		BeginReloadAssembly (125ms)
			ExecutionOrderSort (0ms)
			DisableScriptedObjects (5ms)
			BackupInstance (0ms)
			ReleaseScriptingObjects (0ms)
			CreateAndSetChildDomain (44ms)
		EndReloadAssembly (1133ms)
			LoadAssemblies (106ms)
			RebuildTransferFunctionScriptingTraits (0ms)
			SetupTypeCache (309ms)
			ReleaseScriptCaches (1ms)
			RebuildScriptCaches (38ms)
			SetupLoadedEditorAssemblies (512ms)
				LogAssemblyErrors (0ms)
				InitializePlatformSupportModulesInManaged (4ms)
				SetLoadedEditorAssemblies (0ms)
				RefreshPlugins (1ms)
				BeforeProcessingInitializeOnLoad (92ms)
				ProcessInitializeOnLoadAttributes (397ms)
				ProcessInitializeOnLoadMethodAttributes (11ms)
				AfterProcessingInitializeOnLoad (6ms)
				EditorAssembliesLoaded (0ms)
			ExecutionOrderSort2 (0ms)
			AwakeInstancesAfterBackupRestoration (31ms)
Platform modules already initialized, skipping
Refreshing native plugins compatible for Editor in 1.17 ms, found 8 plugins.
Preloading 0 native plugins for Editor in 0.00 ms.
Unloading 3656 Unused Serialized files (Serialized files now loaded: 0)
System memory in use before: 177.1 MB.
System memory in use after: 177.3 MB.

Unloading 57 unused Assets to reduce memory usage. Loaded Objects now: 4320.
Total: 5.169500 ms (FindLiveObjects: 0.334900 ms CreateObjectMapping: 0.222300 ms MarkObjects: 4.576100 ms  DeleteObjects: 0.034700 ms)

AssetImportParameters requested are different than current active one (requested -> active):
  custom:framework-win-MediaFoundation: 216162199b28c13a410421893ffa2e32 -> 
  custom:video-decoder-ogg-theora: a1e56fd34408186e4bbccfd4996cb3dc -> 
  custom:container-muxer-webm: aa71ff27fc2769a1b78a27578f13a17b -> 
  custom:container-demuxer-webm: 4f35f7cbe854078d1ac9338744f61a02 -> 
  custom:container-demuxer-ogg: 62fdf1f143b41e24485cea50d1cbac27 -> 
  custom:video-encoder-webm-vp8: eb34c28f22e8b96e1ab97ce403110664 -> 
  custom:video-codec-MediaFoundation-h265: 746d11721c4dcdbdad8f713fa42b33f4 -> 
  custom:video-decoder-webm-vp8: 9c59270c3fd7afecdb556c50c9e8de78 -> 
  custom:audio-decoder-ogg-vorbis: bf7c407c2cedff20999df2af8eb42d56 -> 
  custom:audio-encoder-webm-vorbis: bf7c407c2cedff20999df2af8eb42d56 -> 
========================================================================
Received Prepare
Registering precompiled user dll's ...
Registered in 0.012671 seconds.
Begin MonoManager ReloadAssembly
Native extension for WindowsStandalone target not found
Native extension for WebGL target not found
Refreshing native plugins compatible for Editor in 1.11 ms, found 8 plugins.
Preloading 0 native plugins for Editor in 0.00 ms.
Mono: successfully reloaded assembly
- Completed reload, in  1.300 seconds
Domain Reload Profiling:
	ReloadAssembly (1300ms)
		BeginReloadAssembly (122ms)
			ExecutionOrderSort (0ms)
			DisableScriptedObjects (5ms)
			BackupInstance (0ms)
			ReleaseScriptingObjects (0ms)
			CreateAndSetChildDomain (42ms)
		EndReloadAssembly (1113ms)
			LoadAssemblies (104ms)
			RebuildTransferFunctionScriptingTraits (0ms)
			SetupTypeCache (320ms)
			ReleaseScriptCaches (1ms)
			RebuildScriptCaches (38ms)
			SetupLoadedEditorAssemblies (487ms)
				LogAssemblyErrors (0ms)
				InitializePlatformSupportModulesInManaged (4ms)
				SetLoadedEditorAssemblies (0ms)
				RefreshPlugins (1ms)
				BeforeProcessingInitializeOnLoad (91ms)
				ProcessInitializeOnLoadAttributes (373ms)
				ProcessInitializeOnLoadMethodAttributes (11ms)
				AfterProcessingInitializeOnLoad (6ms)
				EditorAssembliesLoaded (0ms)
			ExecutionOrderSort2 (0ms)
			AwakeInstancesAfterBackupRestoration (30ms)
Platform modules already initialized, skipping
Refreshing native plugins compatible for Editor in 1.05 ms, found 8 plugins.
Preloading 0 native plugins for Editor in 0.00 ms.
Unloading 3656 Unused Serialized files (Serialized files now loaded: 0)
System memory in use before: 177.1 MB.
System memory in use after: 177.3 MB.

Unloading 57 unused Assets to reduce memory usage. Loaded Objects now: 4323.
Total: 4.581100 ms (FindLiveObjects: 0.374500 ms CreateObjectMapping: 0.096600 ms MarkObjects: 4.071100 ms  DeleteObjects: 0.037300 ms)

AssetImportParameters requested are different than current active one (requested -> active):
  custom:framework-win-MediaFoundation: 216162199b28c13a410421893ffa2e32 -> 
  custom:video-decoder-ogg-theora: a1e56fd34408186e4bbccfd4996cb3dc -> 
  custom:container-muxer-webm: aa71ff27fc2769a1b78a27578f13a17b -> 
  custom:container-demuxer-webm: 4f35f7cbe854078d1ac9338744f61a02 -> 
  custom:container-demuxer-ogg: 62fdf1f143b41e24485cea50d1cbac27 -> 
  custom:video-encoder-webm-vp8: eb34c28f22e8b96e1ab97ce403110664 -> 
  custom:video-codec-MediaFoundation-h265: 746d11721c4dcdbdad8f713fa42b33f4 -> 
  custom:video-decoder-webm-vp8: 9c59270c3fd7afecdb556c50c9e8de78 -> 
  custom:audio-decoder-ogg-vorbis: bf7c407c2cedff20999df2af8eb42d56 -> 
  custom:audio-encoder-webm-vorbis: bf7c407c2cedff20999df2af8eb42d56 -> 
========================================================================
Received Prepare
Registering precompiled user dll's ...
Registered in 0.016787 seconds.
Begin MonoManager ReloadAssembly
Native extension for WindowsStandalone target not found
Native extension for WebGL target not found
Refreshing native plugins compatible for Editor in 1.06 ms, found 8 plugins.
Preloading 0 native plugins for Editor in 0.00 ms.
Mono: successfully reloaded assembly
- Completed reload, in  1.293 seconds
Domain Reload Profiling:
	ReloadAssembly (1294ms)
		BeginReloadAssembly (117ms)
			ExecutionOrderSort (0ms)
			DisableScriptedObjects (5ms)
			BackupInstance (0ms)
			ReleaseScriptingObjects (0ms)
			CreateAndSetChildDomain (38ms)
		EndReloadAssembly (1121ms)
			LoadAssemblies (109ms)
			RebuildTransferFunctionScriptingTraits (0ms)
			SetupTypeCache (313ms)
			ReleaseScriptCaches (1ms)
			RebuildScriptCaches (37ms)
			SetupLoadedEditorAssemblies (490ms)
				LogAssemblyErrors (0ms)
				InitializePlatformSupportModulesInManaged (5ms)
				SetLoadedEditorAssemblies (0ms)
				RefreshPlugins (1ms)
				BeforeProcessingInitializeOnLoad (92ms)
				ProcessInitializeOnLoadAttributes (375ms)
				ProcessInitializeOnLoadMethodAttributes (11ms)
				AfterProcessingInitializeOnLoad (6ms)
				EditorAssembliesLoaded (0ms)
			ExecutionOrderSort2 (0ms)
			AwakeInstancesAfterBackupRestoration (34ms)
Platform modules already initialized, skipping
Refreshing native plugins compatible for Editor in 1.07 ms, found 8 plugins.
Preloading 0 native plugins for Editor in 0.00 ms.
Unloading 3656 Unused Serialized files (Serialized files now loaded: 0)
System memory in use before: 177.1 MB.
System memory in use after: 177.3 MB.

Unloading 57 unused Assets to reduce memory usage. Loaded Objects now: 4326.
Total: 5.310800 ms (FindLiveObjects: 0.399000 ms CreateObjectMapping: 0.207600 ms MarkObjects: 4.666400 ms  DeleteObjects: 0.036300 ms)

AssetImportParameters requested are different than current active one (requested -> active):
  custom:framework-win-MediaFoundation: 216162199b28c13a410421893ffa2e32 -> 
  custom:video-decoder-ogg-theora: a1e56fd34408186e4bbccfd4996cb3dc -> 
  custom:container-muxer-webm: aa71ff27fc2769a1b78a27578f13a17b -> 
  custom:container-demuxer-webm: 4f35f7cbe854078d1ac9338744f61a02 -> 
  custom:container-demuxer-ogg: 62fdf1f143b41e24485cea50d1cbac27 -> 
  custom:video-encoder-webm-vp8: eb34c28f22e8b96e1ab97ce403110664 -> 
  custom:video-codec-MediaFoundation-h265: 746d11721c4dcdbdad8f713fa42b33f4 -> 
  custom:video-decoder-webm-vp8: 9c59270c3fd7afecdb556c50c9e8de78 -> 
  custom:audio-decoder-ogg-vorbis: bf7c407c2cedff20999df2af8eb42d56 -> 
  custom:audio-encoder-webm-vorbis: bf7c407c2cedff20999df2af8eb42d56 -> 
========================================================================
Received Prepare
Registering precompiled user dll's ...
Registered in 0.022986 seconds.
Begin MonoManager ReloadAssembly
Native extension for WindowsStandalone target not found
Native extension for WebGL target not found
Refreshing native plugins compatible for Editor in 1.26 ms, found 8 plugins.
Preloading 0 native plugins for Editor in 0.00 ms.
Mono: successfully reloaded assembly
- Completed reload, in  1.781 seconds
Domain Reload Profiling:
	ReloadAssembly (1781ms)
		BeginReloadAssembly (150ms)
			ExecutionOrderSort (0ms)
			DisableScriptedObjects (6ms)
			BackupInstance (0ms)
			ReleaseScriptingObjects (0ms)
			CreateAndSetChildDomain (61ms)
		EndReloadAssembly (1565ms)
			LoadAssemblies (116ms)
			RebuildTransferFunctionScriptingTraits (0ms)
			SetupTypeCache (401ms)
			ReleaseScriptCaches (2ms)
			RebuildScriptCaches (52ms)
			SetupLoadedEditorAssemblies (751ms)
				LogAssemblyErrors (0ms)
				InitializePlatformSupportModulesInManaged (6ms)
				SetLoadedEditorAssemblies (1ms)
				RefreshPlugins (1ms)
				BeforeProcessingInitializeOnLoad (120ms)
				ProcessInitializeOnLoadAttributes (600ms)
				ProcessInitializeOnLoadMethodAttributes (15ms)
				AfterProcessingInitializeOnLoad (7ms)
				EditorAssembliesLoaded (0ms)
			ExecutionOrderSort2 (0ms)
			AwakeInstancesAfterBackupRestoration (42ms)
Platform modules already initialized, skipping
Refreshing native plugins compatible for Editor in 1.39 ms, found 8 plugins.
Preloading 0 native plugins for Editor in 0.00 ms.
Unloading 3656 Unused Serialized files (Serialized files now loaded: 0)
System memory in use before: 177.1 MB.
System memory in use after: 177.4 MB.

Unloading 57 unused Assets to reduce memory usage. Loaded Objects now: 4329.
Total: 6.821500 ms (FindLiveObjects: 0.666600 ms CreateObjectMapping: 0.333600 ms MarkObjects: 5.740200 ms  DeleteObjects: 0.078200 ms)

AssetImportParameters requested are different than current active one (requested -> active):
  custom:framework-win-MediaFoundation: 216162199b28c13a410421893ffa2e32 -> 
  custom:video-decoder-ogg-theora: a1e56fd34408186e4bbccfd4996cb3dc -> 
  custom:container-muxer-webm: aa71ff27fc2769a1b78a27578f13a17b -> 
  custom:container-demuxer-webm: 4f35f7cbe854078d1ac9338744f61a02 -> 
  custom:container-demuxer-ogg: 62fdf1f143b41e24485cea50d1cbac27 -> 
  custom:video-encoder-webm-vp8: eb34c28f22e8b96e1ab97ce403110664 -> 
  custom:video-codec-MediaFoundation-h265: 746d11721c4dcdbdad8f713fa42b33f4 -> 
  custom:video-decoder-webm-vp8: 9c59270c3fd7afecdb556c50c9e8de78 -> 
  custom:audio-decoder-ogg-vorbis: bf7c407c2cedff20999df2af8eb42d56 -> 
  custom:audio-encoder-webm-vorbis: bf7c407c2cedff20999df2af8eb42d56 -> 
========================================================================
Received Import Request.
  Time since last request: 619.343152 seconds.
  path: Assets/Prefabs/PlayerCharacters
  artifactKey: Guid(1c3b0de75f1227c40a51b4ff2b121363) Importer(815301076,1909f56bfc062723c751e8b465ee728b)
Start importing Assets/Prefabs/PlayerCharacters using Guid(1c3b0de75f1227c40a51b4ff2b121363) Importer(815301076,1909f56bfc062723c751e8b465ee728b)  -> (artifact id: '2dff117a8ab123ae4b47d4d58bb78265') in 0.017883 seconds 
  Import took 0.023906 seconds .

========================================================================
Received Prepare
Refreshing native plugins compatible for Editor in 13.05 ms, found 8 plugins.
Preloading 0 native plugins for Editor in 0.00 ms.
Unloading 54 Unused Serialized files (Serialized files now loaded: 0)
System memory in use before: 106.1 MB.
System memory in use after: 106.3 MB.

Unloading 54 unused Assets to reduce memory usage. Loaded Objects now: 4329.
Total: 4.883300 ms (FindLiveObjects: 0.300100 ms CreateObjectMapping: 0.095100 ms MarkObjects: 4.455800 ms  DeleteObjects: 0.030900 ms)

AssetImportParameters requested are different than current active one (requested -> active):
  custom:framework-win-MediaFoundation: 216162199b28c13a410421893ffa2e32 -> 
  custom:video-decoder-ogg-theora: a1e56fd34408186e4bbccfd4996cb3dc -> 
  custom:container-muxer-webm: aa71ff27fc2769a1b78a27578f13a17b -> 
  custom:container-demuxer-webm: 4f35f7cbe854078d1ac9338744f61a02 -> 
  custom:container-demuxer-ogg: 62fdf1f143b41e24485cea50d1cbac27 -> 
  custom:FusionILWeaverTriggerImporter/ConfigHash: 6fa181a6efa9e1563c1fa49bd87d1e00 -> 
  custom:video-encoder-webm-vp8: eb34c28f22e8b96e1ab97ce403110664 -> 
  custom:video-codec-MediaFoundation-h265: 746d11721c4dcdbdad8f713fa42b33f4 -> 
  custom:video-decoder-webm-vp8: 9c59270c3fd7afecdb556c50c9e8de78 -> 
  custom:audio-decoder-ogg-vorbis: bf7c407c2cedff20999df2af8eb42d56 -> 
  custom:audio-encoder-webm-vorbis: bf7c407c2cedff20999df2af8eb42d56 -> 
========================================================================
Received Import Request.
  Time since last request: 12.410907 seconds.
  path: Assets/Prefabs/PlayerCharacters/JaegerPlayer.prefab
  artifactKey: Guid(2d9f5ef0a91818a409fb5e7d1406dfe8) Importer(815301076,1909f56bfc062723c751e8b465ee728b)
Start importing Assets/Prefabs/PlayerCharacters/JaegerPlayer.prefab using Guid(2d9f5ef0a91818a409fb5e7d1406dfe8) Importer(815301076,1909f56bfc062723c751e8b465ee728b)  -> (artifact id: '4bf90dba7fd59ef3db0af19cff10b312') in 0.416485 seconds 
  Import took 0.426418 seconds .

========================================================================
Received Prepare
Registering precompiled user dll's ...
Registered in 0.013568 seconds.
Begin MonoManager ReloadAssembly
Native extension for WindowsStandalone target not found
Native extension for WebGL target not found
Refreshing native plugins compatible for Editor in 1.43 ms, found 8 plugins.
Preloading 0 native plugins for Editor in 0.00 ms.
Mono: successfully reloaded assembly
- Completed reload, in  1.487 seconds
Domain Reload Profiling:
	ReloadAssembly (1487ms)
		BeginReloadAssembly (148ms)
			ExecutionOrderSort (0ms)
			DisableScriptedObjects (6ms)
			BackupInstance (0ms)
			ReleaseScriptingObjects (0ms)
			CreateAndSetChildDomain (51ms)
		EndReloadAssembly (1280ms)
			LoadAssemblies (138ms)
			RebuildTransferFunctionScriptingTraits (0ms)
			SetupTypeCache (356ms)
			ReleaseScriptCaches (1ms)
			RebuildScriptCaches (52ms)
			SetupLoadedEditorAssemblies (557ms)
				LogAssemblyErrors (0ms)
				InitializePlatformSupportModulesInManaged (5ms)
				SetLoadedEditorAssemblies (0ms)
				RefreshPlugins (2ms)
				BeforeProcessingInitializeOnLoad (102ms)
				ProcessInitializeOnLoadAttributes (429ms)
				ProcessInitializeOnLoadMethodAttributes (13ms)
				AfterProcessingInitializeOnLoad (6ms)
				EditorAssembliesLoaded (0ms)
			ExecutionOrderSort2 (0ms)
			AwakeInstancesAfterBackupRestoration (33ms)
Platform modules already initialized, skipping
Refreshing native plugins compatible for Editor in 1.09 ms, found 8 plugins.
Preloading 0 native plugins for Editor in 0.00 ms.
Unloading 3656 Unused Serialized files (Serialized files now loaded: 0)
System memory in use before: 177.3 MB.
System memory in use after: 177.5 MB.

Unloading 57 unused Assets to reduce memory usage. Loaded Objects now: 4368.
Total: 5.449200 ms (FindLiveObjects: 0.323400 ms CreateObjectMapping: 0.106900 ms MarkObjects: 4.983200 ms  DeleteObjects: 0.034300 ms)

AssetImportParameters requested are different than current active one (requested -> active):
  custom:framework-win-MediaFoundation: 216162199b28c13a410421893ffa2e32 -> 
  custom:video-decoder-ogg-theora: a1e56fd34408186e4bbccfd4996cb3dc -> 
  custom:container-muxer-webm: aa71ff27fc2769a1b78a27578f13a17b -> 
  custom:container-demuxer-webm: 4f35f7cbe854078d1ac9338744f61a02 -> 
  custom:container-demuxer-ogg: 62fdf1f143b41e24485cea50d1cbac27 -> 
  custom:FusionILWeaverTriggerImporter/ConfigHash: 6fa181a6efa9e1563c1fa49bd87d1e00 -> 
  custom:video-encoder-webm-vp8: eb34c28f22e8b96e1ab97ce403110664 -> 
  custom:video-codec-MediaFoundation-h265: 746d11721c4dcdbdad8f713fa42b33f4 -> 
  custom:video-decoder-webm-vp8: 9c59270c3fd7afecdb556c50c9e8de78 -> 
  custom:audio-decoder-ogg-vorbis: bf7c407c2cedff20999df2af8eb42d56 -> 
  custom:audio-encoder-webm-vorbis: bf7c407c2cedff20999df2af8eb42d56 -> 
========================================================================
Received Import Request.
  Time since last request: 219.836454 seconds.
  path: Assets/Scripts/Characters/Jaeger/CameraController.cs
  artifactKey: Guid(a8bd778c85557d5419823add16ecbc03) Importer(815301076,1909f56bfc062723c751e8b465ee728b)
Start importing Assets/Scripts/Characters/Jaeger/CameraController.cs using Guid(a8bd778c85557d5419823add16ecbc03) Importer(815301076,1909f56bfc062723c751e8b465ee728b)  -> (artifact id: 'd2c9ebffed9e1a606f60b793e4946f6a') in 0.018703 seconds 
  Import took 0.025488 seconds .

========================================================================
Received Prepare
Registering precompiled user dll's ...
Registered in 0.012919 seconds.
Begin MonoManager ReloadAssembly
Native extension for WindowsStandalone target not found
Native extension for WebGL target not found
Refreshing native plugins compatible for Editor in 1.05 ms, found 8 plugins.
Preloading 0 native plugins for Editor in 0.00 ms.
Mono: successfully reloaded assembly
- Completed reload, in  1.484 seconds
Domain Reload Profiling:
	ReloadAssembly (1484ms)
		BeginReloadAssembly (135ms)
			ExecutionOrderSort (0ms)
			DisableScriptedObjects (4ms)
			BackupInstance (0ms)
			ReleaseScriptingObjects (0ms)
			CreateAndSetChildDomain (48ms)
		EndReloadAssembly (1291ms)
			LoadAssemblies (115ms)
			RebuildTransferFunctionScriptingTraits (0ms)
			SetupTypeCache (446ms)
			ReleaseScriptCaches (2ms)
			RebuildScriptCaches (44ms)
			SetupLoadedEditorAssemblies (514ms)
				LogAssemblyErrors (0ms)
				InitializePlatformSupportModulesInManaged (5ms)
				SetLoadedEditorAssemblies (0ms)
				RefreshPlugins (1ms)
				BeforeProcessingInitializeOnLoad (101ms)
				ProcessInitializeOnLoadAttributes (386ms)
				ProcessInitializeOnLoadMethodAttributes (14ms)
				AfterProcessingInitializeOnLoad (6ms)
				EditorAssembliesLoaded (0ms)
			ExecutionOrderSort2 (0ms)
			AwakeInstancesAfterBackupRestoration (32ms)
Platform modules already initialized, skipping
Refreshing native plugins compatible for Editor in 1.03 ms, found 8 plugins.
Preloading 0 native plugins for Editor in 0.00 ms.
Unloading 3656 Unused Serialized files (Serialized files now loaded: 0)
System memory in use before: 177.3 MB.
System memory in use after: 177.5 MB.

Unloading 57 unused Assets to reduce memory usage. Loaded Objects now: 4371.
Total: 5.504400 ms (FindLiveObjects: 0.528200 ms CreateObjectMapping: 0.263900 ms MarkObjects: 4.674800 ms  DeleteObjects: 0.035400 ms)

AssetImportParameters requested are different than current active one (requested -> active):
  custom:framework-win-MediaFoundation: 216162199b28c13a410421893ffa2e32 -> 
  custom:video-decoder-ogg-theora: a1e56fd34408186e4bbccfd4996cb3dc -> 
  custom:container-muxer-webm: aa71ff27fc2769a1b78a27578f13a17b -> 
  custom:container-demuxer-webm: 4f35f7cbe854078d1ac9338744f61a02 -> 
  custom:container-demuxer-ogg: 62fdf1f143b41e24485cea50d1cbac27 -> 
  custom:FusionILWeaverTriggerImporter/ConfigHash: 6fa181a6efa9e1563c1fa49bd87d1e00 -> 
  custom:video-encoder-webm-vp8: eb34c28f22e8b96e1ab97ce403110664 -> 
  custom:video-codec-MediaFoundation-h265: 746d11721c4dcdbdad8f713fa42b33f4 -> 
  custom:video-decoder-webm-vp8: 9c59270c3fd7afecdb556c50c9e8de78 -> 
  custom:audio-decoder-ogg-vorbis: bf7c407c2cedff20999df2af8eb42d56 -> 
  custom:audio-encoder-webm-vorbis: bf7c407c2cedff20999df2af8eb42d56 -> 
========================================================================
Received Prepare
Registering precompiled user dll's ...
Registered in 0.015716 seconds.
Begin MonoManager ReloadAssembly
Native extension for WindowsStandalone target not found
Native extension for WebGL target not found
Refreshing native plugins compatible for Editor in 1.54 ms, found 8 plugins.
Preloading 0 native plugins for Editor in 0.00 ms.
Mono: successfully reloaded assembly
- Completed reload, in  1.656 seconds
Domain Reload Profiling:
	ReloadAssembly (1657ms)
		BeginReloadAssembly (151ms)
			ExecutionOrderSort (0ms)
			DisableScriptedObjects (6ms)
			BackupInstance (0ms)
			ReleaseScriptingObjects (0ms)
			CreateAndSetChildDomain (55ms)
		EndReloadAssembly (1443ms)
			LoadAssemblies (133ms)
			RebuildTransferFunctionScriptingTraits (0ms)
			SetupTypeCache (396ms)
			ReleaseScriptCaches (1ms)
			RebuildScriptCaches (44ms)
			SetupLoadedEditorAssemblies (653ms)
				LogAssemblyErrors (0ms)
				InitializePlatformSupportModulesInManaged (6ms)
				SetLoadedEditorAssemblies (0ms)
				RefreshPlugins (2ms)
				BeforeProcessingInitializeOnLoad (123ms)
				ProcessInitializeOnLoadAttributes (500ms)
				ProcessInitializeOnLoadMethodAttributes (15ms)
				AfterProcessingInitializeOnLoad (7ms)
				EditorAssembliesLoaded (0ms)
			ExecutionOrderSort2 (0ms)
			AwakeInstancesAfterBackupRestoration (45ms)
Platform modules already initialized, skipping
Refreshing native plugins compatible for Editor in 1.24 ms, found 8 plugins.
Preloading 0 native plugins for Editor in 0.00 ms.
Unloading 3656 Unused Serialized files (Serialized files now loaded: 0)
System memory in use before: 177.3 MB.
System memory in use after: 177.5 MB.

Unloading 57 unused Assets to reduce memory usage. Loaded Objects now: 4374.
Total: 7.038600 ms (FindLiveObjects: 0.823000 ms CreateObjectMapping: 0.464700 ms MarkObjects: 5.699000 ms  DeleteObjects: 0.049900 ms)

AssetImportParameters requested are different than current active one (requested -> active):
  custom:framework-win-MediaFoundation: 216162199b28c13a410421893ffa2e32 -> 
  custom:video-decoder-ogg-theora: a1e56fd34408186e4bbccfd4996cb3dc -> 
  custom:container-muxer-webm: aa71ff27fc2769a1b78a27578f13a17b -> 
  custom:container-demuxer-webm: 4f35f7cbe854078d1ac9338744f61a02 -> 
  custom:container-demuxer-ogg: 62fdf1f143b41e24485cea50d1cbac27 -> 
  custom:FusionILWeaverTriggerImporter/ConfigHash: 6fa181a6efa9e1563c1fa49bd87d1e00 -> 
  custom:video-encoder-webm-vp8: eb34c28f22e8b96e1ab97ce403110664 -> 
  custom:video-codec-MediaFoundation-h265: 746d11721c4dcdbdad8f713fa42b33f4 -> 
  custom:video-decoder-webm-vp8: 9c59270c3fd7afecdb556c50c9e8de78 -> 
  custom:audio-decoder-ogg-vorbis: bf7c407c2cedff20999df2af8eb42d56 -> 
  custom:audio-encoder-webm-vorbis: bf7c407c2cedff20999df2af8eb42d56 -> 
========================================================================
Received Import Request.
  Time since last request: 255.603916 seconds.
  path: Assets/Prefabs/VR/TitanScale_WebXRCameraSet.prefab
  artifactKey: Guid(62e2d0b2f48fbc644bc48e93d4a7af25) Importer(815301076,1909f56bfc062723c751e8b465ee728b)
Start importing Assets/Prefabs/VR/TitanScale_WebXRCameraSet.prefab using Guid(62e2d0b2f48fbc644bc48e93d4a7af25) Importer(815301076,1909f56bfc062723c751e8b465ee728b)  -> (artifact id: '02ee791581ee7a7508a45962a509d0f4') in 0.128674 seconds 
  Import took 0.134784 seconds .

========================================================================
Received Import Request.
  Time since last request: 9.806421 seconds.
  path: Assets/Prefabs/VR/TitanScale_WebXRCameraSet.prefab
  artifactKey: Guid(62e2d0b2f48fbc644bc48e93d4a7af25) Importer(815301076,1909f56bfc062723c751e8b465ee728b)
Start importing Assets/Prefabs/VR/TitanScale_WebXRCameraSet.prefab using Guid(62e2d0b2f48fbc644bc48e93d4a7af25) Importer(815301076,1909f56bfc062723c751e8b465ee728b)  -> (artifact id: '72e72896f1c91b5b41e26787ef3ef603') in 0.022505 seconds 
  Import took 0.028397 seconds .

========================================================================
Received Import Request.
  Time since last request: 12.023554 seconds.
  path: Assets/Prefabs/VR/TitanScale_WebXRCameraSet.prefab
  artifactKey: Guid(62e2d0b2f48fbc644bc48e93d4a7af25) Importer(815301076,1909f56bfc062723c751e8b465ee728b)
Start importing Assets/Prefabs/VR/TitanScale_WebXRCameraSet.prefab using Guid(62e2d0b2f48fbc644bc48e93d4a7af25) Importer(815301076,1909f56bfc062723c751e8b465ee728b)  -> (artifact id: 'd42ca12014c734ba3947a7027d39d417') in 0.017491 seconds 
  Import took 0.023535 seconds .

========================================================================
Received Import Request.
  Time since last request: 9.045309 seconds.
  path: Assets/Prefabs/VR/TitanScale_WebXRCameraSet.prefab
  artifactKey: Guid(62e2d0b2f48fbc644bc48e93d4a7af25) Importer(815301076,1909f56bfc062723c751e8b465ee728b)
Start importing Assets/Prefabs/VR/TitanScale_WebXRCameraSet.prefab using Guid(62e2d0b2f48fbc644bc48e93d4a7af25) Importer(815301076,1909f56bfc062723c751e8b465ee728b)  -> (artifact id: '3b131cd15bd180844d2aef4b6bb6dada') in 0.020918 seconds 
  Import took 0.026640 seconds .

========================================================================
Received Import Request.
  Time since last request: 7.670920 seconds.
  path: Assets/Prefabs/VR/TitanScale_WebXRCameraSet.prefab
  artifactKey: Guid(62e2d0b2f48fbc644bc48e93d4a7af25) Importer(815301076,1909f56bfc062723c751e8b465ee728b)
Start importing Assets/Prefabs/VR/TitanScale_WebXRCameraSet.prefab using Guid(62e2d0b2f48fbc644bc48e93d4a7af25) Importer(815301076,1909f56bfc062723c751e8b465ee728b)  -> (artifact id: '02c4eb71fa8a0c18faefd3f141b4609d') in 0.017365 seconds 
  Import took 0.023101 seconds .

========================================================================
Received Import Request.
  Time since last request: 3.641971 seconds.
  path: Assets/Prefabs/VR/TitanScale_WebXRCameraSet.prefab
  artifactKey: Guid(62e2d0b2f48fbc644bc48e93d4a7af25) Importer(815301076,1909f56bfc062723c751e8b465ee728b)
Start importing Assets/Prefabs/VR/TitanScale_WebXRCameraSet.prefab using Guid(62e2d0b2f48fbc644bc48e93d4a7af25) Importer(815301076,1909f56bfc062723c751e8b465ee728b)  -> (artifact id: '35b62efc44667a8314483b5c9316784c') in 0.017256 seconds 
  Import took 0.023075 seconds .

========================================================================
Received Prepare
Registering precompiled user dll's ...
Registered in 0.013056 seconds.
Begin MonoManager ReloadAssembly
Native extension for WindowsStandalone target not found
Native extension for WebGL target not found
Refreshing native plugins compatible for Editor in 1.04 ms, found 8 plugins.
Preloading 0 native plugins for Editor in 0.00 ms.
Mono: successfully reloaded assembly
- Completed reload, in  1.319 seconds
Domain Reload Profiling:
	ReloadAssembly (1320ms)
		BeginReloadAssembly (126ms)
			ExecutionOrderSort (0ms)
			DisableScriptedObjects (5ms)
			BackupInstance (0ms)
			ReleaseScriptingObjects (0ms)
			CreateAndSetChildDomain (44ms)
		EndReloadAssembly (1138ms)
			LoadAssemblies (113ms)
			RebuildTransferFunctionScriptingTraits (0ms)
			SetupTypeCache (315ms)
			ReleaseScriptCaches (1ms)
			RebuildScriptCaches (38ms)
			SetupLoadedEditorAssemblies (503ms)
				LogAssemblyErrors (0ms)
				InitializePlatformSupportModulesInManaged (5ms)
				SetLoadedEditorAssemblies (0ms)
				RefreshPlugins (1ms)
				BeforeProcessingInitializeOnLoad (94ms)
				ProcessInitializeOnLoadAttributes (385ms)
				ProcessInitializeOnLoadMethodAttributes (11ms)
				AfterProcessingInitializeOnLoad (6ms)
				EditorAssembliesLoaded (0ms)
			ExecutionOrderSort2 (0ms)
			AwakeInstancesAfterBackupRestoration (31ms)
Platform modules already initialized, skipping
Refreshing native plugins compatible for Editor in 1.13 ms, found 8 plugins.
Preloading 0 native plugins for Editor in 0.00 ms.
Unloading 3656 Unused Serialized files (Serialized files now loaded: 0)
System memory in use before: 177.6 MB.
System memory in use after: 177.8 MB.

Unloading 57 unused Assets to reduce memory usage. Loaded Objects now: 4413.
Total: 5.104100 ms (FindLiveObjects: 0.320500 ms CreateObjectMapping: 0.144100 ms MarkObjects: 4.604500 ms  DeleteObjects: 0.033700 ms)

AssetImportParameters requested are different than current active one (requested -> active):
  custom:framework-win-MediaFoundation: 216162199b28c13a410421893ffa2e32 -> 
  custom:video-decoder-ogg-theora: a1e56fd34408186e4bbccfd4996cb3dc -> 
  custom:container-muxer-webm: aa71ff27fc2769a1b78a27578f13a17b -> 
  custom:container-demuxer-webm: 4f35f7cbe854078d1ac9338744f61a02 -> 
  custom:container-demuxer-ogg: 62fdf1f143b41e24485cea50d1cbac27 -> 
  custom:FusionILWeaverTriggerImporter/ConfigHash: 6fa181a6efa9e1563c1fa49bd87d1e00 -> 
  custom:video-encoder-webm-vp8: eb34c28f22e8b96e1ab97ce403110664 -> 
  custom:video-codec-MediaFoundation-h265: 746d11721c4dcdbdad8f713fa42b33f4 -> 
  custom:video-decoder-webm-vp8: 9c59270c3fd7afecdb556c50c9e8de78 -> 
  custom:audio-decoder-ogg-vorbis: bf7c407c2cedff20999df2af8eb42d56 -> 
  custom:audio-encoder-webm-vorbis: bf7c407c2cedff20999df2af8eb42d56 -> 
========================================================================
Received Prepare
Registering precompiled user dll's ...
Registered in 0.021508 seconds.
Begin MonoManager ReloadAssembly
Native extension for WindowsStandalone target not found
Native extension for WebGL target not found
Refreshing native plugins compatible for Editor in 1.21 ms, found 8 plugins.
Preloading 0 native plugins for Editor in 0.00 ms.
Mono: successfully reloaded assembly
- Completed reload, in  1.492 seconds
Domain Reload Profiling:
	ReloadAssembly (1493ms)
		BeginReloadAssembly (136ms)
			ExecutionOrderSort (0ms)
			DisableScriptedObjects (5ms)
			BackupInstance (0ms)
			ReleaseScriptingObjects (0ms)
			CreateAndSetChildDomain (47ms)
		EndReloadAssembly (1298ms)
			LoadAssemblies (124ms)
			RebuildTransferFunctionScriptingTraits (0ms)
			SetupTypeCache (343ms)
			ReleaseScriptCaches (2ms)
			RebuildScriptCaches (42ms)
			SetupLoadedEditorAssemblies (604ms)
				LogAssemblyErrors (0ms)
				InitializePlatformSupportModulesInManaged (5ms)
				SetLoadedEditorAssemblies (0ms)
				RefreshPlugins (1ms)
				BeforeProcessingInitializeOnLoad (105ms)
				ProcessInitializeOnLoadAttributes (472ms)
				ProcessInitializeOnLoadMethodAttributes (13ms)
				AfterProcessingInitializeOnLoad (6ms)
				EditorAssembliesLoaded (0ms)
			ExecutionOrderSort2 (0ms)
			AwakeInstancesAfterBackupRestoration (37ms)
Platform modules already initialized, skipping
Refreshing native plugins compatible for Editor in 1.23 ms, found 8 plugins.
Preloading 0 native plugins for Editor in 0.00 ms.
Unloading 3656 Unused Serialized files (Serialized files now loaded: 0)
System memory in use before: 177.6 MB.
System memory in use after: 177.9 MB.

Unloading 57 unused Assets to reduce memory usage. Loaded Objects now: 4416.
Total: 5.722600 ms (FindLiveObjects: 0.418100 ms CreateObjectMapping: 0.229500 ms MarkObjects: 5.026100 ms  DeleteObjects: 0.047500 ms)

AssetImportParameters requested are different than current active one (requested -> active):
  custom:framework-win-MediaFoundation: 216162199b28c13a410421893ffa2e32 -> 
  custom:video-decoder-ogg-theora: a1e56fd34408186e4bbccfd4996cb3dc -> 
  custom:container-muxer-webm: aa71ff27fc2769a1b78a27578f13a17b -> 
  custom:container-demuxer-webm: 4f35f7cbe854078d1ac9338744f61a02 -> 
  custom:container-demuxer-ogg: 62fdf1f143b41e24485cea50d1cbac27 -> 
  custom:FusionILWeaverTriggerImporter/ConfigHash: 6fa181a6efa9e1563c1fa49bd87d1e00 -> 
  custom:video-encoder-webm-vp8: eb34c28f22e8b96e1ab97ce403110664 -> 
  custom:video-codec-MediaFoundation-h265: 746d11721c4dcdbdad8f713fa42b33f4 -> 
  custom:video-decoder-webm-vp8: 9c59270c3fd7afecdb556c50c9e8de78 -> 
  custom:audio-decoder-ogg-vorbis: bf7c407c2cedff20999df2af8eb42d56 -> 
  custom:audio-encoder-webm-vorbis: bf7c407c2cedff20999df2af8eb42d56 -> 
========================================================================
Received Import Request.
  Time since last request: 255.799573 seconds.
  path: Assets/Prefabs/VR/TitanScale_WebXRCameraSet.prefab
  artifactKey: Guid(62e2d0b2f48fbc644bc48e93d4a7af25) Importer(815301076,1909f56bfc062723c751e8b465ee728b)
Start importing Assets/Prefabs/VR/TitanScale_WebXRCameraSet.prefab using Guid(62e2d0b2f48fbc644bc48e93d4a7af25) Importer(815301076,1909f56bfc062723c751e8b465ee728b)  -> (artifact id: '4a305b5b898d27e63a39c0a85afcb6c2') in 0.131281 seconds 
  Import took 0.137241 seconds .

========================================================================
Received Prepare
Refreshing native plugins compatible for Editor in 14.40 ms, found 8 plugins.
Preloading 0 native plugins for Editor in 0.00 ms.
Unloading 54 Unused Serialized files (Serialized files now loaded: 0)
System memory in use before: 108.0 MB.
System memory in use after: 108.2 MB.

Unloading 54 unused Assets to reduce memory usage. Loaded Objects now: 4479.
Total: 6.377700 ms (FindLiveObjects: 0.311000 ms CreateObjectMapping: 0.116100 ms MarkObjects: 5.922100 ms  DeleteObjects: 0.027600 ms)

AssetImportParameters requested are different than current active one (requested -> active):
  custom:framework-win-MediaFoundation: 216162199b28c13a410421893ffa2e32 -> 
  custom:video-decoder-ogg-theora: a1e56fd34408186e4bbccfd4996cb3dc -> 
  custom:container-muxer-webm: aa71ff27fc2769a1b78a27578f13a17b -> 
  custom:container-demuxer-webm: 4f35f7cbe854078d1ac9338744f61a02 -> 
  custom:container-demuxer-ogg: 62fdf1f143b41e24485cea50d1cbac27 -> 
  custom:FusionILWeaverTriggerImporter/ConfigHash: 6fa181a6efa9e1563c1fa49bd87d1e00 -> 
  custom:video-encoder-webm-vp8: eb34c28f22e8b96e1ab97ce403110664 -> 
  custom:video-codec-MediaFoundation-h265: 746d11721c4dcdbdad8f713fa42b33f4 -> 
  custom:video-decoder-webm-vp8: 9c59270c3fd7afecdb556c50c9e8de78 -> 
  custom:audio-decoder-ogg-vorbis: bf7c407c2cedff20999df2af8eb42d56 -> 
  custom:audio-encoder-webm-vorbis: bf7c407c2cedff20999df2af8eb42d56 -> 
========================================================================
Received Prepare
Refreshing native plugins compatible for Editor in 14.99 ms, found 8 plugins.
Preloading 0 native plugins for Editor in 0.00 ms.
Unloading 54 Unused Serialized files (Serialized files now loaded: 0)
System memory in use before: 108.0 MB.
System memory in use after: 108.2 MB.

Unloading 54 unused Assets to reduce memory usage. Loaded Objects now: 4479.
Total: 5.362700 ms (FindLiveObjects: 0.309300 ms CreateObjectMapping: 0.095100 ms MarkObjects: 4.929000 ms  DeleteObjects: 0.028300 ms)

AssetImportParameters requested are different than current active one (requested -> active):
  custom:framework-win-MediaFoundation: 216162199b28c13a410421893ffa2e32 -> 
  custom:video-decoder-ogg-theora: a1e56fd34408186e4bbccfd4996cb3dc -> 
  custom:container-muxer-webm: aa71ff27fc2769a1b78a27578f13a17b -> 
  custom:container-demuxer-webm: 4f35f7cbe854078d1ac9338744f61a02 -> 
  custom:container-demuxer-ogg: 62fdf1f143b41e24485cea50d1cbac27 -> 
  custom:FusionILWeaverTriggerImporter/ConfigHash: 6fa181a6efa9e1563c1fa49bd87d1e00 -> 
  custom:video-encoder-webm-vp8: eb34c28f22e8b96e1ab97ce403110664 -> 
  custom:video-codec-MediaFoundation-h265: 746d11721c4dcdbdad8f713fa42b33f4 -> 
  custom:video-decoder-webm-vp8: 9c59270c3fd7afecdb556c50c9e8de78 -> 
  custom:audio-decoder-ogg-vorbis: bf7c407c2cedff20999df2af8eb42d56 -> 
  custom:audio-encoder-webm-vorbis: bf7c407c2cedff20999df2af8eb42d56 -> 
========================================================================
Received Import Request.
  Time since last request: 545.522346 seconds.
  path: Assets/AddressableAssetsData/AssetGroups/Default Local Group.asset
  artifactKey: Guid(3f16ea36abb21914ea55b0672ee54360) Importer(815301076,1909f56bfc062723c751e8b465ee728b)
Start importing Assets/AddressableAssetsData/AssetGroups/Default Local Group.asset using Guid(3f16ea36abb21914ea55b0672ee54360) Importer(815301076,1909f56bfc062723c751e8b465ee728b)  -> (artifact id: '1cda01a5d57df48a2ca3fe68c41d59b2') in 0.017915 seconds 
  Import took 0.024384 seconds .

========================================================================
Received Import Request.
  Time since last request: 1.979328 seconds.
  path: Assets/AddressableAssetsData/AssetGroups/MainMenuScene.asset
  artifactKey: Guid(c1267df0e37ab054fb35cf1c23b29287) Importer(815301076,1909f56bfc062723c751e8b465ee728b)
Start importing Assets/AddressableAssetsData/AssetGroups/MainMenuScene.asset using Guid(c1267df0e37ab054fb35cf1c23b29287) Importer(815301076,1909f56bfc062723c751e8b465ee728b)  -> (artifact id: '0287242e693d1da5492e2dd71f586f58') in 0.013357 seconds 
  Import took 0.019076 seconds .

========================================================================
Received Prepare
Registering precompiled user dll's ...
Registered in 0.185523 seconds.
Begin MonoManager ReloadAssembly
Native extension for WindowsStandalone target not found
Native extension for WebGL target not found
Refreshing native plugins compatible for Editor in 1.05 ms, found 8 plugins.
Preloading 0 native plugins for Editor in 0.00 ms.
Mono: successfully reloaded assembly
- Completed reload, in  1.318 seconds
Domain Reload Profiling:
	ReloadAssembly (1318ms)
		BeginReloadAssembly (126ms)
			ExecutionOrderSort (0ms)
			DisableScriptedObjects (6ms)
			BackupInstance (0ms)
			ReleaseScriptingObjects (0ms)
			CreateAndSetChildDomain (47ms)
		EndReloadAssembly (1139ms)
			LoadAssemblies (100ms)
			RebuildTransferFunctionScriptingTraits (0ms)
			SetupTypeCache (300ms)
			ReleaseScriptCaches (1ms)
			RebuildScriptCaches (39ms)
			SetupLoadedEditorAssemblies (489ms)
				LogAssemblyErrors (0ms)
				InitializePlatformSupportModulesInManaged (4ms)
				SetLoadedEditorAssemblies (0ms)
				RefreshPlugins (1ms)
				BeforeProcessingInitializeOnLoad (94ms)
				ProcessInitializeOnLoadAttributes (371ms)
				ProcessInitializeOnLoadMethodAttributes (12ms)
				AfterProcessingInitializeOnLoad (6ms)
				EditorAssembliesLoaded (0ms)
			ExecutionOrderSort2 (0ms)
			AwakeInstancesAfterBackupRestoration (32ms)
Platform modules already initialized, skipping
Refreshing native plugins compatible for Editor in 1.05 ms, found 8 plugins.
Preloading 0 native plugins for Editor in 0.00 ms.
Unloading 3656 Unused Serialized files (Serialized files now loaded: 0)
System memory in use before: 177.8 MB.
System memory in use after: 178.0 MB.

Unloading 57 unused Assets to reduce memory usage. Loaded Objects now: 4455.
Total: 5.289100 ms (FindLiveObjects: 0.320800 ms CreateObjectMapping: 0.098900 ms MarkObjects: 4.836300 ms  DeleteObjects: 0.031800 ms)

AssetImportParameters requested are different than current active one (requested -> active):
  custom:framework-win-MediaFoundation: 216162199b28c13a410421893ffa2e32 -> 
  custom:video-decoder-ogg-theora: a1e56fd34408186e4bbccfd4996cb3dc -> 
  custom:container-muxer-webm: aa71ff27fc2769a1b78a27578f13a17b -> 
  custom:container-demuxer-webm: 4f35f7cbe854078d1ac9338744f61a02 -> 
  custom:container-demuxer-ogg: 62fdf1f143b41e24485cea50d1cbac27 -> 
  custom:FusionILWeaverTriggerImporter/ConfigHash: 6fa181a6efa9e1563c1fa49bd87d1e00 -> 
  custom:video-encoder-webm-vp8: eb34c28f22e8b96e1ab97ce403110664 -> 
  custom:video-codec-MediaFoundation-h265: 746d11721c4dcdbdad8f713fa42b33f4 -> 
  custom:video-decoder-webm-vp8: 9c59270c3fd7afecdb556c50c9e8de78 -> 
  custom:audio-decoder-ogg-vorbis: bf7c407c2cedff20999df2af8eb42d56 -> 
  custom:audio-encoder-webm-vorbis: bf7c407c2cedff20999df2af8eb42d56 -> 
========================================================================
Received Import Request.
  Time since last request: 1154.679188 seconds.
  path: Assets/Scripts/Addressables
  artifactKey: Guid(5ddb33d638512964db8c92d39e2c45d6) Importer(815301076,1909f56bfc062723c751e8b465ee728b)
Start importing Assets/Scripts/Addressables using Guid(5ddb33d638512964db8c92d39e2c45d6) Importer(815301076,1909f56bfc062723c751e8b465ee728b)  -> (artifact id: '88ec2d96bb895cbd8e8c6f28d004c8c0') in 0.011575 seconds 
  Import took 0.025784 seconds .

========================================================================
Received Import Request.
  Time since last request: 71.733947 seconds.
  path: Assets/AddressableAssetsData/AssetGroups/Built In Data.asset
  artifactKey: Guid(69d369e8c0403a445aa48ccec25cceb4) Importer(815301076,1909f56bfc062723c751e8b465ee728b)
Start importing Assets/AddressableAssetsData/AssetGroups/Built In Data.asset using Guid(69d369e8c0403a445aa48ccec25cceb4) Importer(815301076,1909f56bfc062723c751e8b465ee728b)  -> (artifact id: '1b21ce9af8c74ff2fe7c8c5a375fe609') in 0.030624 seconds 
  Import took 0.036709 seconds .

========================================================================
Received Import Request.
  Time since last request: 0.000313 seconds.
  path: Assets/AddressableAssetsData/AssetGroups/GameLevel.asset
  artifactKey: Guid(497a99379c1af4743934455fab506036) Importer(815301076,1909f56bfc062723c751e8b465ee728b)
Start importing Assets/AddressableAssetsData/AssetGroups/GameLevel.asset using Guid(497a99379c1af4743934455fab506036) Importer(815301076,1909f56bfc062723c751e8b465ee728b)  -> (artifact id: '8b19da9b2f8279a48ce1d88eae77d396') in 0.012975 seconds 
  Import took 0.018648 seconds .

========================================================================
Received Import Request.
  Time since last request: 15.867780 seconds.
  path: Assets/Prefabs/Addressables/LevelPrefab.prefab
  artifactKey: Guid(7995e5fe5d0a65c41835116e07ff1ea9) Importer(815301076,1909f56bfc062723c751e8b465ee728b)
Start importing Assets/Prefabs/Addressables/LevelPrefab.prefab using Guid(7995e5fe5d0a65c41835116e07ff1ea9) Importer(815301076,1909f56bfc062723c751e8b465ee728b)  -> (artifact id: 'e7dd5524eeb84b7abc5b8e3323e91498') in 0.139677 seconds 
  Import took 0.146371 seconds .

========================================================================
Received Import Request.
  Time since last request: 1.923596 seconds.
  path: Assets/Scenes/01_MainMenu.unity
  artifactKey: Guid(01d8fc2807d9e6c45b387a3901dd50fb) Importer(815301076,1909f56bfc062723c751e8b465ee728b)
Start importing Assets/Scenes/01_MainMenu.unity using Guid(01d8fc2807d9e6c45b387a3901dd50fb) Importer(815301076,1909f56bfc062723c751e8b465ee728b)  -> (artifact id: '979d2ae9a80fa8aa5f157349c213f640') in 0.007894 seconds 
  Import took 0.013655 seconds .

========================================================================
Received Prepare
Registering precompiled user dll's ...
Registered in 0.013750 seconds.
Begin MonoManager ReloadAssembly
Native extension for WindowsStandalone target not found
Native extension for WebGL target not found
Refreshing native plugins compatible for Editor in 1.22 ms, found 8 plugins.
Preloading 0 native plugins for Editor in 0.00 ms.
Mono: successfully reloaded assembly
- Completed reload, in  3.721 seconds
Domain Reload Profiling:
	ReloadAssembly (3721ms)
		BeginReloadAssembly (233ms)
			ExecutionOrderSort (0ms)
			DisableScriptedObjects (7ms)
			BackupInstance (0ms)
			ReleaseScriptingObjects (0ms)
			CreateAndSetChildDomain (62ms)
		EndReloadAssembly (3433ms)
			LoadAssemblies (186ms)
			RebuildTransferFunctionScriptingTraits (0ms)
			SetupTypeCache (1969ms)
			ReleaseScriptCaches (2ms)
			RebuildScriptCaches (89ms)
			SetupLoadedEditorAssemblies (906ms)
				LogAssemblyErrors (0ms)
				InitializePlatformSupportModulesInManaged (6ms)
				SetLoadedEditorAssemblies (0ms)
				RefreshPlugins (1ms)
				BeforeProcessingInitializeOnLoad (233ms)
				ProcessInitializeOnLoadAttributes (636ms)
				ProcessInitializeOnLoadMethodAttributes (22ms)
				AfterProcessingInitializeOnLoad (7ms)
				EditorAssembliesLoaded (0ms)
			ExecutionOrderSort2 (0ms)
			AwakeInstancesAfterBackupRestoration (45ms)
Platform modules already initialized, skipping
Refreshing native plugins compatible for Editor in 1.11 ms, found 8 plugins.
Preloading 0 native plugins for Editor in 0.00 ms.
Unloading 3656 Unused Serialized files (Serialized files now loaded: 0)
System memory in use before: 177.9 MB.
System memory in use after: 178.1 MB.

Unloading 57 unused Assets to reduce memory usage. Loaded Objects now: 4494.
Total: 5.245400 ms (FindLiveObjects: 0.441900 ms CreateObjectMapping: 0.161700 ms MarkObjects: 4.599800 ms  DeleteObjects: 0.040100 ms)

AssetImportParameters requested are different than current active one (requested -> active):
  custom:framework-win-MediaFoundation: 216162199b28c13a410421893ffa2e32 -> 
  custom:video-decoder-ogg-theora: a1e56fd34408186e4bbccfd4996cb3dc -> 
  custom:container-muxer-webm: aa71ff27fc2769a1b78a27578f13a17b -> 
  custom:container-demuxer-webm: 4f35f7cbe854078d1ac9338744f61a02 -> 
  custom:container-demuxer-ogg: 62fdf1f143b41e24485cea50d1cbac27 -> 
  custom:FusionILWeaverTriggerImporter/ConfigHash: 6fa181a6efa9e1563c1fa49bd87d1e00 -> 
  custom:video-encoder-webm-vp8: eb34c28f22e8b96e1ab97ce403110664 -> 
  custom:video-codec-MediaFoundation-h265: 746d11721c4dcdbdad8f713fa42b33f4 -> 
  custom:video-decoder-webm-vp8: 9c59270c3fd7afecdb556c50c9e8de78 -> 
  custom:audio-decoder-ogg-vorbis: bf7c407c2cedff20999df2af8eb42d56 -> 
  custom:audio-encoder-webm-vorbis: bf7c407c2cedff20999df2af8eb42d56 -> 
========================================================================
Received Prepare
Refreshing native plugins compatible for Editor in 21.24 ms, found 8 plugins.
Preloading 0 native plugins for Editor in 0.00 ms.
Unloading 54 Unused Serialized files (Serialized files now loaded: 0)
System memory in use before: 106.8 MB.
System memory in use after: 107.1 MB.

Unloading 54 unused Assets to reduce memory usage. Loaded Objects now: 4494.
Total: 6.745600 ms (FindLiveObjects: 0.441200 ms CreateObjectMapping: 0.339100 ms MarkObjects: 5.903800 ms  DeleteObjects: 0.059600 ms)

AssetImportParameters requested are different than current active one (requested -> active):
  custom:framework-win-MediaFoundation: 216162199b28c13a410421893ffa2e32 -> 
  custom:video-decoder-ogg-theora: a1e56fd34408186e4bbccfd4996cb3dc -> 
  custom:container-muxer-webm: aa71ff27fc2769a1b78a27578f13a17b -> 
  custom:container-demuxer-webm: 4f35f7cbe854078d1ac9338744f61a02 -> 
  custom:container-demuxer-ogg: 62fdf1f143b41e24485cea50d1cbac27 -> 
  custom:FusionILWeaverTriggerImporter/ConfigHash: 6fa181a6efa9e1563c1fa49bd87d1e00 -> 
  custom:video-encoder-webm-vp8: eb34c28f22e8b96e1ab97ce403110664 -> 
  custom:video-codec-MediaFoundation-h265: 746d11721c4dcdbdad8f713fa42b33f4 -> 
  custom:video-decoder-webm-vp8: 9c59270c3fd7afecdb556c50c9e8de78 -> 
  custom:audio-decoder-ogg-vorbis: bf7c407c2cedff20999df2af8eb42d56 -> 
  custom:audio-encoder-webm-vorbis: bf7c407c2cedff20999df2af8eb42d56 -> 
========================================================================
Received Prepare
Registering precompiled user dll's ...
Registered in 0.021701 seconds.
Begin MonoManager ReloadAssembly
Native extension for WindowsStandalone target not found
Native extension for WebGL target not found
Refreshing native plugins compatible for Editor in 1.15 ms, found 8 plugins.
Preloading 0 native plugins for Editor in 0.00 ms.
Mono: successfully reloaded assembly
- Completed reload, in  1.535 seconds
Domain Reload Profiling:
	ReloadAssembly (1536ms)
		BeginReloadAssembly (135ms)
			ExecutionOrderSort (0ms)
			DisableScriptedObjects (5ms)
			BackupInstance (0ms)
			ReleaseScriptingObjects (0ms)
			CreateAndSetChildDomain (47ms)
		EndReloadAssembly (1343ms)
			LoadAssemblies (115ms)
			RebuildTransferFunctionScriptingTraits (0ms)
			SetupTypeCache (334ms)
			ReleaseScriptCaches (1ms)
			RebuildScriptCaches (49ms)
			SetupLoadedEditorAssemblies (653ms)
				LogAssemblyErrors (0ms)
				InitializePlatformSupportModulesInManaged (6ms)
				SetLoadedEditorAssemblies (0ms)
				RefreshPlugins (1ms)
				BeforeProcessingInitializeOnLoad (109ms)
				ProcessInitializeOnLoadAttributes (517ms)
				ProcessInitializeOnLoadMethodAttributes (13ms)
				AfterProcessingInitializeOnLoad (6ms)
				EditorAssembliesLoaded (0ms)
			ExecutionOrderSort2 (0ms)
			AwakeInstancesAfterBackupRestoration (43ms)
Platform modules already initialized, skipping
Refreshing native plugins compatible for Editor in 1.52 ms, found 8 plugins.
Preloading 0 native plugins for Editor in 0.00 ms.
Unloading 3656 Unused Serialized files (Serialized files now loaded: 0)
System memory in use before: 177.9 MB.
System memory in use after: 178.1 MB.

Unloading 57 unused Assets to reduce memory usage. Loaded Objects now: 4497.
Total: 7.634400 ms (FindLiveObjects: 0.704900 ms CreateObjectMapping: 0.434200 ms MarkObjects: 6.435100 ms  DeleteObjects: 0.056600 ms)

AssetImportParameters requested are different than current active one (requested -> active):
  custom:framework-win-MediaFoundation: 216162199b28c13a410421893ffa2e32 -> 
  custom:video-decoder-ogg-theora: a1e56fd34408186e4bbccfd4996cb3dc -> 
  custom:container-muxer-webm: aa71ff27fc2769a1b78a27578f13a17b -> 
  custom:container-demuxer-webm: 4f35f7cbe854078d1ac9338744f61a02 -> 
  custom:container-demuxer-ogg: 62fdf1f143b41e24485cea50d1cbac27 -> 
  custom:FusionILWeaverTriggerImporter/ConfigHash: 6fa181a6efa9e1563c1fa49bd87d1e00 -> 
  custom:video-encoder-webm-vp8: eb34c28f22e8b96e1ab97ce403110664 -> 
  custom:video-codec-MediaFoundation-h265: 746d11721c4dcdbdad8f713fa42b33f4 -> 
  custom:video-decoder-webm-vp8: 9c59270c3fd7afecdb556c50c9e8de78 -> 
  custom:audio-decoder-ogg-vorbis: bf7c407c2cedff20999df2af8eb42d56 -> 
  custom:audio-encoder-webm-vorbis: bf7c407c2cedff20999df2af8eb42d56 -> 
========================================================================
Received Prepare
Registering precompiled user dll's ...
Registered in 0.012703 seconds.
Begin MonoManager ReloadAssembly
Native extension for WindowsStandalone target not found
Native extension for WebGL target not found
Refreshing native plugins compatible for Editor in 1.08 ms, found 8 plugins.
Preloading 0 native plugins for Editor in 0.00 ms.
Mono: successfully reloaded assembly
- Completed reload, in  1.320 seconds
Domain Reload Profiling:
	ReloadAssembly (1320ms)
		BeginReloadAssembly (122ms)
			ExecutionOrderSort (0ms)
			DisableScriptedObjects (5ms)
			BackupInstance (0ms)
			ReleaseScriptingObjects (0ms)
			CreateAndSetChildDomain (42ms)
		EndReloadAssembly (1142ms)
			LoadAssemblies (103ms)
			RebuildTransferFunctionScriptingTraits (0ms)
			SetupTypeCache (316ms)
			ReleaseScriptCaches (1ms)
			RebuildScriptCaches (38ms)
			SetupLoadedEditorAssemblies (517ms)
				LogAssemblyErrors (0ms)
				InitializePlatformSupportModulesInManaged (5ms)
				SetLoadedEditorAssemblies (0ms)
				RefreshPlugins (1ms)
				BeforeProcessingInitializeOnLoad (105ms)
				ProcessInitializeOnLoadAttributes (389ms)
				ProcessInitializeOnLoadMethodAttributes (11ms)
				AfterProcessingInitializeOnLoad (6ms)
				EditorAssembliesLoaded (0ms)
			ExecutionOrderSort2 (0ms)
			AwakeInstancesAfterBackupRestoration (32ms)
Platform modules already initialized, skipping
Refreshing native plugins compatible for Editor in 1.04 ms, found 8 plugins.
Preloading 0 native plugins for Editor in 0.00 ms.
Unloading 3656 Unused Serialized files (Serialized files now loaded: 0)
System memory in use before: 177.9 MB.
System memory in use after: 178.2 MB.

Unloading 57 unused Assets to reduce memory usage. Loaded Objects now: 4500.
Total: 4.869900 ms (FindLiveObjects: 0.336200 ms CreateObjectMapping: 0.107900 ms MarkObjects: 4.392000 ms  DeleteObjects: 0.032300 ms)

AssetImportParameters requested are different than current active one (requested -> active):
  custom:framework-win-MediaFoundation: 216162199b28c13a410421893ffa2e32 -> 
  custom:video-decoder-ogg-theora: a1e56fd34408186e4bbccfd4996cb3dc -> 
  custom:container-muxer-webm: aa71ff27fc2769a1b78a27578f13a17b -> 
  custom:container-demuxer-webm: 4f35f7cbe854078d1ac9338744f61a02 -> 
  custom:container-demuxer-ogg: 62fdf1f143b41e24485cea50d1cbac27 -> 
  custom:FusionILWeaverTriggerImporter/ConfigHash: 6fa181a6efa9e1563c1fa49bd87d1e00 -> 
  custom:video-encoder-webm-vp8: eb34c28f22e8b96e1ab97ce403110664 -> 
  custom:video-codec-MediaFoundation-h265: 746d11721c4dcdbdad8f713fa42b33f4 -> 
  custom:video-decoder-webm-vp8: 9c59270c3fd7afecdb556c50c9e8de78 -> 
  custom:audio-decoder-ogg-vorbis: bf7c407c2cedff20999df2af8eb42d56 -> 
  custom:audio-encoder-webm-vorbis: bf7c407c2cedff20999df2af8eb42d56 -> 
========================================================================
Received Prepare
Refreshing native plugins compatible for Editor in 15.64 ms, found 8 plugins.
Preloading 0 native plugins for Editor in 0.00 ms.
Unloading 54 Unused Serialized files (Serialized files now loaded: 0)
System memory in use before: 106.8 MB.
System memory in use after: 107.1 MB.

Unloading 54 unused Assets to reduce memory usage. Loaded Objects now: 4500.
Total: 6.709400 ms (FindLiveObjects: 0.357000 ms CreateObjectMapping: 0.127200 ms MarkObjects: 6.185500 ms  DeleteObjects: 0.038300 ms)

AssetImportParameters requested are different than current active one (requested -> active):
  custom:framework-win-MediaFoundation: 216162199b28c13a410421893ffa2e32 -> 
  custom:video-decoder-ogg-theora: a1e56fd34408186e4bbccfd4996cb3dc -> 
  custom:container-muxer-webm: aa71ff27fc2769a1b78a27578f13a17b -> 
  custom:container-demuxer-webm: 4f35f7cbe854078d1ac9338744f61a02 -> 
  custom:container-demuxer-ogg: 62fdf1f143b41e24485cea50d1cbac27 -> 
  custom:FusionILWeaverTriggerImporter/ConfigHash: 6fa181a6efa9e1563c1fa49bd87d1e00 -> 
  custom:video-encoder-webm-vp8: eb34c28f22e8b96e1ab97ce403110664 -> 
  custom:video-codec-MediaFoundation-h265: 746d11721c4dcdbdad8f713fa42b33f4 -> 
  custom:video-decoder-webm-vp8: 9c59270c3fd7afecdb556c50c9e8de78 -> 
  custom:audio-decoder-ogg-vorbis: bf7c407c2cedff20999df2af8eb42d56 -> 
  custom:audio-encoder-webm-vorbis: bf7c407c2cedff20999df2af8eb42d56 -> 
