Using pre-set license
Built from '2020.3/release' branch; Version is '2020.3.27f1 (e759542391ea) revision 15161684'; Using compiler version '192528614'; Build Type 'Release'
OS: 'Windows 10  (10.0.19044) 64bit Core' Language: 'en' Physical Memory: 32700 MB
BatchMode: 1, IsHumanControllingUs: 0, StartBugReporterOnCrash: 0, Is64bit: 1, IsPro: 0

COMMAND LINE ARGUMENTS:
G:\Unity_Editors\2020.3.27f1\Editor\Unity.exe
-adb2
-batchMode
-noUpm
-name
AssetImportWorker1
-projectPath
D:/Git/JavaScriptProjects/Web-Engineering-Feigenbaum
-logFile
Logs/AssetImportWorker1.log
-srvPort
65532
Successfully changed project path to: D:/Git/JavaScriptProjects/Web-Engineering-Feigenbaum
D:/Git/JavaScriptProjects/Web-Engineering-Feigenbaum
Using Asset Import Pipeline V2.
Refreshing native plugins compatible for Editor in 111.63 ms, found 8 plugins.
Preloading 0 native plugins for Editor in 0.00 ms.
Initialize engine version: 2020.3.27f1 (e759542391ea)
[Subsystems] Discovering subsystems at path G:/Unity_Editors/2020.3.27f1/Editor/Data/Resources/UnitySubsystems
[Subsystems] Discovering subsystems at path D:/Git/JavaScriptProjects/Web-Engineering-Feigenbaum/Assets
GfxDevice: creating device client; threaded=0
Direct3D:
    Version:  Direct3D 11.0 [level 11.1]
    Renderer: NVIDIA GeForce GTX 1060 3GB (ID=0x1c02)
    Vendor:   
    VRAM:     2988 MB
    Driver:   31.0.15.1694
Initialize mono
Mono path[0] = 'G:/Unity_Editors/2020.3.27f1/Editor/Data/Managed'
Mono path[1] = 'G:/Unity_Editors/2020.3.27f1/Editor/Data/MonoBleedingEdge/lib/mono/unityjit'
Mono config path = 'G:/Unity_Editors/2020.3.27f1/Editor/Data/MonoBleedingEdge/etc'
Using monoOptions --debugger-agent=transport=dt_socket,embedding=1,server=y,suspend=n,address=127.0.0.1:56380
Begin MonoManager ReloadAssembly
Registering precompiled unity dll's ...
Register platform support module: G:/Unity_Editors/2020.3.27f1/Editor/Data/PlaybackEngines/WebGLSupport/UnityEditor.WebGL.Extensions.dll
Register platform support module: G:/Unity_Editors/2020.3.27f1/Editor/Data/PlaybackEngines/WindowsStandaloneSupport/UnityEditor.WindowsStandalone.Extensions.dll
Registered in 0.002356 seconds.
Native extension for WindowsStandalone target not found
Native extension for WebGL target not found
Refreshing native plugins compatible for Editor in 112.13 ms, found 8 plugins.
Preloading 0 native plugins for Editor in 0.00 ms.
Mono: successfully reloaded assembly
- Completed reload, in  0.897 seconds
Domain Reload Profiling:
	ReloadAssembly (898ms)
		BeginReloadAssembly (99ms)
			ExecutionOrderSort (0ms)
			DisableScriptedObjects (0ms)
			BackupInstance (0ms)
			ReleaseScriptingObjects (0ms)
			CreateAndSetChildDomain (1ms)
		EndReloadAssembly (700ms)
			LoadAssemblies (99ms)
			RebuildTransferFunctionScriptingTraits (0ms)
			SetupTypeCache (189ms)
			ReleaseScriptCaches (0ms)
			RebuildScriptCaches (46ms)
			SetupLoadedEditorAssemblies (325ms)
				LogAssemblyErrors (0ms)
				InitializePlatformSupportModulesInManaged (7ms)
				SetLoadedEditorAssemblies (0ms)
				RefreshPlugins (112ms)
				BeforeProcessingInitializeOnLoad (27ms)
				ProcessInitializeOnLoadAttributes (141ms)
				ProcessInitializeOnLoadMethodAttributes (37ms)
				AfterProcessingInitializeOnLoad (0ms)
				EditorAssembliesLoaded (0ms)
			ExecutionOrderSort2 (0ms)
			AwakeInstancesAfterBackupRestoration (0ms)
Platform modules already initialized, skipping
Registering precompiled user dll's ...
Registered in 0.013570 seconds.
Begin MonoManager ReloadAssembly
Native extension for WindowsStandalone target not found
Native extension for WebGL target not found
Refreshing native plugins compatible for Editor in 111.13 ms, found 8 plugins.
Preloading 0 native plugins for Editor in 0.00 ms.
Mono: successfully reloaded assembly
- Completed reload, in  2.985 seconds
Domain Reload Profiling:
	ReloadAssembly (2987ms)
		BeginReloadAssembly (225ms)
			ExecutionOrderSort (0ms)
			DisableScriptedObjects (7ms)
			BackupInstance (0ms)
			ReleaseScriptingObjects (0ms)
			CreateAndSetChildDomain (25ms)
		EndReloadAssembly (2686ms)
			LoadAssemblies (161ms)
			RebuildTransferFunctionScriptingTraits (0ms)
			SetupTypeCache (524ms)
			ReleaseScriptCaches (1ms)
			RebuildScriptCaches (85ms)
			SetupLoadedEditorAssemblies (1748ms)
				LogAssemblyErrors (0ms)
				InitializePlatformSupportModulesInManaged (6ms)
				SetLoadedEditorAssemblies (0ms)
				RefreshPlugins (111ms)
				BeforeProcessingInitializeOnLoad (145ms)
				ProcessInitializeOnLoadAttributes (1465ms)
				ProcessInitializeOnLoadMethodAttributes (17ms)
				AfterProcessingInitializeOnLoad (3ms)
				EditorAssembliesLoaded (0ms)
			ExecutionOrderSort2 (0ms)
			AwakeInstancesAfterBackupRestoration (8ms)
Platform modules already initialized, skipping
========================================================================
Worker process is ready to serve import requests
Launched and connected shader compiler UnityShaderCompiler.exe after 0.08 seconds
Refreshing native plugins compatible for Editor in 1.45 ms, found 8 plugins.
Preloading 0 native plugins for Editor in 0.00 ms.
Unloading 3806 Unused Serialized files (Serialized files now loaded: 0)
System memory in use before: 178.1 MB.
System memory in use after: 178.3 MB.

Unloading 64 unused Assets to reduce memory usage. Loaded Objects now: 4268.
Total: 7.341100 ms (FindLiveObjects: 0.488200 ms CreateObjectMapping: 0.230900 ms MarkObjects: 6.482500 ms  DeleteObjects: 0.137700 ms)

AssetImportParameters requested are different than current active one (requested -> active):
  custom:framework-win-MediaFoundation: 216162199b28c13a410421893ffa2e32 -> 
  custom:video-decoder-ogg-theora: a1e56fd34408186e4bbccfd4996cb3dc -> 
  custom:container-muxer-webm: aa71ff27fc2769a1b78a27578f13a17b -> 
  custom:container-demuxer-webm: 4f35f7cbe854078d1ac9338744f61a02 -> 
  custom:container-demuxer-ogg: 62fdf1f143b41e24485cea50d1cbac27 -> 
  custom:video-encoder-webm-vp8: eb34c28f22e8b96e1ab97ce403110664 -> 
  custom:video-decoder-webm-vp8: 9c59270c3fd7afecdb556c50c9e8de78 -> 
  custom:audio-decoder-ogg-vorbis: bf7c407c2cedff20999df2af8eb42d56 -> 
  custom:audio-encoder-webm-vorbis: bf7c407c2cedff20999df2af8eb42d56 -> 
========================================================================
Received Import Request.
  path: Assets/External Packages/SkythianCat/Hand_Painted_Nature_Kit_LITE/DEMO/Demo_scene.unity
  artifactKey: Guid(2b90041c02fa0424794af2d500508091) Importer(815301076,1909f56bfc062723c751e8b465ee728b)
Start importing Assets/External Packages/SkythianCat/Hand_Painted_Nature_Kit_LITE/DEMO/Demo_scene.unity using Guid(2b90041c02fa0424794af2d500508091) Importer(815301076,1909f56bfc062723c751e8b465ee728b)  -> (artifact id: '737b7b325b6bf007ce5742f74d32536e') in 0.027383 seconds 
  Import took 0.035184 seconds .

========================================================================
Received Prepare
Refreshing native plugins compatible for Editor in 15.86 ms, found 8 plugins.
Preloading 0 native plugins for Editor in 0.00 ms.
Unloading 54 Unused Serialized files (Serialized files now loaded: 0)
System memory in use before: 97.5 MB.
System memory in use after: 97.7 MB.

Unloading 54 unused Assets to reduce memory usage. Loaded Objects now: 4268.
Total: 6.652600 ms (FindLiveObjects: 0.487900 ms CreateObjectMapping: 0.130500 ms MarkObjects: 5.995400 ms  DeleteObjects: 0.037300 ms)

AssetImportParameters requested are different than current active one (requested -> active):
  custom:framework-win-MediaFoundation: 216162199b28c13a410421893ffa2e32 -> 
  custom:video-decoder-ogg-theora: a1e56fd34408186e4bbccfd4996cb3dc -> 
  custom:container-muxer-webm: aa71ff27fc2769a1b78a27578f13a17b -> 
  custom:container-demuxer-webm: 4f35f7cbe854078d1ac9338744f61a02 -> 
  custom:container-demuxer-ogg: 62fdf1f143b41e24485cea50d1cbac27 -> 
  custom:video-encoder-webm-vp8: eb34c28f22e8b96e1ab97ce403110664 -> 
  custom:video-decoder-webm-vp8: 9c59270c3fd7afecdb556c50c9e8de78 -> 
  custom:audio-decoder-ogg-vorbis: bf7c407c2cedff20999df2af8eb42d56 -> 
  custom:audio-encoder-webm-vorbis: bf7c407c2cedff20999df2af8eb42d56 -> 
========================================================================
Received Import Request.
  Time since last request: 0.876757 seconds.
  path: Assets/External Packages/SkythianCat/Hand_Painted_Nature_Kit_LITE/DEMO/Demo_terrain.asset
  artifactKey: Guid(e8dfda675d4b6b045a1a927e19caffc4) Importer(815301076,1909f56bfc062723c751e8b465ee728b)
Start importing Assets/External Packages/SkythianCat/Hand_Painted_Nature_Kit_LITE/DEMO/Demo_terrain.asset using Guid(e8dfda675d4b6b045a1a927e19caffc4) Importer(815301076,1909f56bfc062723c751e8b465ee728b) Received signal SIGSEGV
Stack trace:
0x00007ff626f7a92a (Unity) CreateAssetToGUIDMappingV2
0x00007ff626f1f8e0 (Unity) AssetDatabase::CreateAssetToGUIDMapping
0x00007ff6264cbb05 (Unity) SplatDatabase::CreateTerrainLayerAsset
0x00007ff6264ca7c0 (Unity) SplatDatabase::ConvertSplatsToTerrainLayers
0x00007ff6264c76dc (Unity) SplatDatabase::AwakeFromLoad
0x00007ff626505ad6 (Unity) TerrainData::AwakeFromLoad
0x00007ff6261035af (Unity) AwakeFromLoadQueue::InvokePersistentManagerAwake
0x00007ff626103f42 (Unity) AwakeFromLoadQueue::PersistentManagerAwakeFromLoad
0x00007ff6261040a3 (Unity) AwakeFromLoadQueue::PersistentManagerAwakeFromLoad
0x00007ff6260d6ad1 (Unity) PersistentManager::IntegrateAllThreadedObjects
0x00007ff6260d7617 (Unity) PersistentManager::LoadAndIntegrateAllPreallocatedObjects
0x00007ff6260dac12 (Unity) PersistentManager::ReadObject
0x00007ff626f18431 (Unity) WritePreviews
0x00007ff626f14dae (Unity) PreviewImporter::GenerateAssetData
0x00007ff626fb5d22 (Unity) ImportToObjects
0x00007ff626fb4d98 (Unity) ImportAsset
0x00007ff626f4f0f8 (Unity) AssetImportWorker::Import
0x00007ff626f747da (Unity) <lambda_4a0f5575432e8e69ec585d1ca7897980>::operator()
0x00007ff626ffbee2 (Unity) asio::detail::completion_handler<core::mutable_function<void __cdecl(void)> >::do_complete
0x00007ff626ffe040 (Unity) asio::detail::win_iocp_io_service::do_one
0x00007ff6270017be (Unity) asio::io_service::run
0x00007ff626f9d4db (Unity) RunAssetImportWorkerClientV2
0x00007ff626f9d530 (Unity) RunAssetImporterV2
0x00007ff626a43a89 (Unity) Application::InitializeProject
0x00007ff626e99722 (Unity) WinMain
0x00007ff6285295ce (Unity) __scrt_common_main_seh
0x00007ffe7fde7614 (KERNEL32) BaseThreadInitThunk
0x00007ffe814a26a1 (ntdll) RtlUserThreadStart

